[debug] [2023-03-20T18:32:24.414Z] ----------------------------------------------------------------------
[debug] [2023-03-20T18:32:24.417Z] Command:       C:\Program Files\nodejs\node.exe C:\Users\Admin\AppData\Roaming\npm\node_modules\firebase-tools\lib\bin\firebase.js emulators:start
[debug] [2023-03-20T18:32:24.417Z] CLI Version:   11.24.0
[debug] [2023-03-20T18:32:24.417Z] Platform:      win32
[debug] [2023-03-20T18:32:24.417Z] Node Version:  v19.2.0
[debug] [2023-03-20T18:32:24.418Z] Time:          Tue Mar 21 2023 00:02:24 GMT+0530 (India Standard Time)
[debug] [2023-03-20T18:32:24.418Z] ----------------------------------------------------------------------
[debug] 
[debug] [2023-03-20T18:32:24.421Z] >>> [apiv2][query] GET https://firebase-public.firebaseio.com/cli.json [none]
[debug] [2023-03-20T18:32:24.547Z] > command requires scopes: ["email","openid","https://www.googleapis.com/auth/cloudplatformprojects.readonly","https://www.googleapis.com/auth/firebase","https://www.googleapis.com/auth/cloud-platform"]
[debug] [2023-03-20T18:32:24.547Z] > authorizing via signed-in user (joyshah2003@gmail.com)
[debug] [2023-03-20T18:32:25.296Z] <<< [apiv2][status] GET https://firebase-public.firebaseio.com/cli.json 200
[debug] [2023-03-20T18:32:25.299Z] <<< [apiv2][body] GET https://firebase-public.firebaseio.com/cli.json {"cloudBuildErrorAfter":1594252800000,"cloudBuildWarnAfter":1590019200000,"defaultNode10After":1594252800000,"minVersion":"3.0.5","node8DeploysDisabledAfter":1613390400000,"node8RuntimeDisabledAfter":1615809600000,"node8WarnAfter":1600128000000}
[debug] [2023-03-20T18:32:25.578Z] java version "19.0.2" 2023-01-17

[debug] [2023-03-20T18:32:25.581Z] Java(TM) SE Runtime Environment (build 19.0.2+7-44)
Java HotSpot(TM) 64-Bit Server VM (build 19.0.2+7-44, mixed mode, sharing)

[debug] [2023-03-20T18:32:25.628Z] Parsed Java major version: 19
[info] i  emulators: Starting emulators: functions, firestore, hosting {"metadata":{"emulator":{"name":"hub"},"message":"Starting emulators: functions, firestore, hosting"}}
[debug] [2023-03-20T18:32:25.698Z] [logging] Logging Emulator only supports listening on one address (127.0.0.1). Not listening on ::1
[debug] [2023-03-20T18:32:25.700Z] [firestore] Firestore Emulator only supports listening on one address (127.0.0.1). Not listening on ::1
[debug] [2023-03-20T18:32:25.700Z] [firestore.websocket] websocket server for firestore only supports listening on one address (127.0.0.1). Not listening on ::1
[debug] [2023-03-20T18:32:25.701Z] [hosting] Hosting Emulator only supports listening on one address (127.0.0.1). Not listening on ::1
[warn] !  ui: Emulator UI unable to start on port 4000, starting on 4001 instead. {"metadata":{"emulator":{"name":"ui"},"message":"Emulator UI unable to start on port 4000, starting on 4001 instead."}}
[debug] [2023-03-20T18:32:25.709Z] assigned listening specs for emulators {"user":{"hub":[{"address":"127.0.0.1","family":"IPv4","port":4400},{"address":"::1","family":"IPv6","port":4400}],"logging":[{"address":"127.0.0.1","family":"IPv4","port":4500}],"firestore":[{"address":"127.0.0.1","family":"IPv4","port":8080}],"firestore.websocket":[{"address":"127.0.0.1","family":"IPv4","port":9150}],"hosting":[{"address":"127.0.0.1","family":"IPv4","port":5000}],"ui":[{"address":"127.0.0.1","family":"IPv4","port":4001},{"address":"::1","family":"IPv6","port":4001}]},"metadata":{"message":"assigned listening specs for emulators"}}
[debug] [2023-03-20T18:32:25.767Z] [hub] writing locator at C:\Users\Admin\AppData\Local\Temp\hub-e-library-83bb8.json
[debug] [2023-03-20T18:32:25.812Z] [functions] Functions Emulator only supports listening on one address (127.0.0.1). Not listening on ::1
[debug] [2023-03-20T18:32:25.812Z] [eventarc] Eventarc Emulator only supports listening on one address (127.0.0.1). Not listening on ::1
[debug] [2023-03-20T18:32:25.813Z] late-assigned ports for functions and eventarc emulators {"user":{"hub":[{"address":"127.0.0.1","family":"IPv4","port":4400},{"address":"::1","family":"IPv6","port":4400}],"logging":[{"address":"127.0.0.1","family":"IPv4","port":4500}],"firestore":[{"address":"127.0.0.1","family":"IPv4","port":8080}],"firestore.websocket":[{"address":"127.0.0.1","family":"IPv4","port":9150}],"hosting":[{"address":"127.0.0.1","family":"IPv4","port":5000}],"ui":[{"address":"127.0.0.1","family":"IPv4","port":4001},{"address":"::1","family":"IPv6","port":4001}],"functions":[{"address":"127.0.0.1","family":"IPv4","port":5001}],"eventarc":[{"address":"127.0.0.1","family":"IPv4","port":9299}]},"metadata":{"message":"late-assigned ports for functions and eventarc emulators"}}
[warn] !  functions: The following emulators are not running, calls to these services from the Functions emulator will affect production: auth, database, pubsub, storage {"metadata":{"emulator":{"name":"functions"},"message":"The following emulators are not running, calls to these services from the Functions emulator will affect production: \u001b[1mauth, database, pubsub, storage\u001b[22m"}}
[debug] [2023-03-20T18:32:25.839Z] defaultcredentials: writing to file C:\Users\Admin\AppData\Roaming\firebase\joyshah2003_gmail_com_application_default_credentials.json
[debug] [2023-03-20T18:32:25.850Z] Setting GAC to C:\Users\Admin\AppData\Roaming\firebase\joyshah2003_gmail_com_application_default_credentials.json {"metadata":{"emulator":{"name":"functions"},"message":"Setting GAC to C:\\Users\\Admin\\AppData\\Roaming\\firebase\\joyshah2003_gmail_com_application_default_credentials.json"}}
[debug] [2023-03-20T18:32:25.854Z] > refreshing access token with scopes: []
[debug] [2023-03-20T18:32:25.858Z] >>> [apiv2][query] POST https://www.googleapis.com/oauth2/v3/token [none]
[debug] [2023-03-20T18:32:25.858Z] >>> [apiv2][body] POST https://www.googleapis.com/oauth2/v3/token [omitted]
[debug] [2023-03-20T18:32:26.177Z] <<< [apiv2][status] POST https://www.googleapis.com/oauth2/v3/token 200
[debug] [2023-03-20T18:32:26.178Z] <<< [apiv2][body] POST https://www.googleapis.com/oauth2/v3/token [omitted]
[debug] [2023-03-20T18:32:26.202Z] >>> [apiv2][query] GET https://firebase.googleapis.com/v1beta1/projects/e-library-83bb8/adminSdkConfig [none]
[debug] [2023-03-20T18:32:26.857Z] <<< [apiv2][status] GET https://firebase.googleapis.com/v1beta1/projects/e-library-83bb8/adminSdkConfig 200
[debug] [2023-03-20T18:32:26.857Z] <<< [apiv2][body] GET https://firebase.googleapis.com/v1beta1/projects/e-library-83bb8/adminSdkConfig {"projectId":"e-library-83bb8","storageBucket":"e-library-83bb8.appspot.com"}
[debug] [2023-03-20T18:32:26.882Z] Ignoring unsupported arg: auto_download {"metadata":{"emulator":{"name":"firestore"},"message":"Ignoring unsupported arg: auto_download"}}
[debug] [2023-03-20T18:32:26.883Z] Ignoring unsupported arg: single_project_mode_error {"metadata":{"emulator":{"name":"firestore"},"message":"Ignoring unsupported arg: single_project_mode_error"}}
[debug] [2023-03-20T18:32:26.883Z] Starting Firestore Emulator with command {"binary":"java","args":["-Dgoogle.cloud_firestore.debug_log_level=FINE","-Duser.language=en","-jar","C:\\Users\\Admin\\.cache\\firebase\\emulators\\cloud-firestore-emulator-v1.16.0.jar","--host","127.0.0.1","--port",8080,"--websocket_port",9150,"--project_id","e-library-83bb8","--rules","D:\\E-Library Project\\e-library\\firestore.rules","--single_project_mode",true,"--functions_emulator","127.0.0.1:5001"],"optionalArgs":["port","webchannel_port","host","rules","websocket_port","functions_emulator","seed_from_export","project_id","single_project_mode"],"joinArgs":false} {"metadata":{"emulator":{"name":"firestore"},"message":"Starting Firestore Emulator with command {\"binary\":\"java\",\"args\":[\"-Dgoogle.cloud_firestore.debug_log_level=FINE\",\"-Duser.language=en\",\"-jar\",\"C:\\\\Users\\\\Admin\\\\.cache\\\\firebase\\\\emulators\\\\cloud-firestore-emulator-v1.16.0.jar\",\"--host\",\"127.0.0.1\",\"--port\",8080,\"--websocket_port\",9150,\"--project_id\",\"e-library-83bb8\",\"--rules\",\"D:\\\\E-Library Project\\\\e-library\\\\firestore.rules\",\"--single_project_mode\",true,\"--functions_emulator\",\"127.0.0.1:5001\"],\"optionalArgs\":[\"port\",\"webchannel_port\",\"host\",\"rules\",\"websocket_port\",\"functions_emulator\",\"seed_from_export\",\"project_id\",\"single_project_mode\"],\"joinArgs\":false}"}}
[info] i  firestore: Firestore Emulator logging to firestore-debug.log {"metadata":{"emulator":{"name":"firestore"},"message":"Firestore Emulator logging to \u001b[1mfirestore-debug.log\u001b[22m"}}
[info] +  firestore: Firestore Emulator UI websocket is running on 9150. {"metadata":{"emulator":{"name":"firestore"},"message":"Firestore Emulator UI websocket is running on 9150."}}
[debug] [2023-03-20T18:32:33.888Z] >>> [apiv2][query] GET https://firebasehosting.googleapis.com/v1beta1/projects/e-library-83bb8/sites 
[debug] [2023-03-20T18:32:35.357Z] <<< [apiv2][status] GET https://firebasehosting.googleapis.com/v1beta1/projects/e-library-83bb8/sites 200
[debug] [2023-03-20T18:32:35.358Z] <<< [apiv2][body] GET https://firebasehosting.googleapis.com/v1beta1/projects/e-library-83bb8/sites {"sites":[{"name":"projects/e-library-83bb8/sites/e-library-83bb8","defaultUrl":"https://e-library-83bb8.web.app","appId":"1:392038950708:web:872fda7188ca2053a4e761","type":"DEFAULT_SITE"}]}
[debug] [2023-03-20T18:32:35.358Z] >>> [apiv2][query] GET https://firebase.googleapis.com/v1beta1/projects/e-library-83bb8/webApps/1:392038950708:web:872fda7188ca2053a4e761/config [none]
[debug] [2023-03-20T18:32:36.660Z] <<< [apiv2][status] GET https://firebase.googleapis.com/v1beta1/projects/e-library-83bb8/webApps/1:392038950708:web:872fda7188ca2053a4e761/config 200
[debug] [2023-03-20T18:32:36.660Z] <<< [apiv2][body] GET https://firebase.googleapis.com/v1beta1/projects/e-library-83bb8/webApps/1:392038950708:web:872fda7188ca2053a4e761/config {"projectId":"e-library-83bb8","appId":"1:392038950708:web:872fda7188ca2053a4e761","storageBucket":"e-library-83bb8.appspot.com","apiKey":"AIzaSyBnHKU3yeuTZFWw2ZGErwLq31FDWXH8WQo","authDomain":"e-library-83bb8.firebaseapp.com","messagingSenderId":"392038950708","measurementId":"G-W3SXHD258G"}
[debug] [2023-03-20T18:32:36.664Z] >>> [apiv2][query] GET https://firebase.googleapis.com/v1beta1/projects/e-library-83bb8 [none]
[debug] [2023-03-20T18:32:37.028Z] <<< [apiv2][status] GET https://firebase.googleapis.com/v1beta1/projects/e-library-83bb8 200
[debug] [2023-03-20T18:32:37.028Z] <<< [apiv2][body] GET https://firebase.googleapis.com/v1beta1/projects/e-library-83bb8 {"projectId":"e-library-83bb8","projectNumber":"392038950708","displayName":"E-Library","name":"projects/e-library-83bb8","resources":{"hostingSite":"e-library-83bb8"},"state":"ACTIVE","etag":"1_bdaa053b-63e4-4fcd-9ca4-6d63c78e31b2"}
[debug] [2023-03-20T18:32:37.029Z] Specified "public" directory "build" does not exist; Deploy to Hosting site "e-library-83bb8" may fail or be empty.
[info] i  hosting[e-library-83bb8]: Serving hosting files from: build {"metadata":{"emulator":{"name":"hosting"},"message":"Serving hosting files from: \u001b[1mbuild\u001b[22m"}}
[info] +  hosting[e-library-83bb8]: Local server: http://127.0.0.1:5000 {"metadata":{"emulator":{"name":"hosting"},"message":"Local server: \u001b[4m\u001b[1mhttp://127.0.0.1:5000\u001b[22m\u001b[24m"}}
[debug] [2023-03-20T18:32:37.073Z] Ignoring unsupported arg: auto_download {"metadata":{"emulator":{"name":"ui"},"message":"Ignoring unsupported arg: auto_download"}}
[debug] [2023-03-20T18:32:37.073Z] Ignoring unsupported arg: port {"metadata":{"emulator":{"name":"ui"},"message":"Ignoring unsupported arg: port"}}
[debug] [2023-03-20T18:32:37.074Z] Starting Emulator UI with command {"binary":"node","args":["C:\\Users\\Admin\\.cache\\firebase\\emulators\\ui-v1.11.4\\server\\server.js"],"optionalArgs":[],"joinArgs":false} {"metadata":{"emulator":{"name":"ui"},"message":"Starting Emulator UI with command {\"binary\":\"node\",\"args\":[\"C:\\\\Users\\\\Admin\\\\.cache\\\\firebase\\\\emulators\\\\ui-v1.11.4\\\\server\\\\server.js\"],\"optionalArgs\":[],\"joinArgs\":false}"}}
[info] i  ui: Emulator UI logging to ui-debug.log {"metadata":{"emulator":{"name":"ui"},"message":"Emulator UI logging to \u001b[1mui-debug.log\u001b[22m"}}
[debug] [2023-03-20T18:32:37.207Z] Web / API server started at 127.0.0.1:4001
 {"metadata":{"emulator":{"name":"ui"},"message":"Web / API server started at 127.0.0.1:4001\n"}}
[debug] [2023-03-20T18:32:37.207Z] Web / API server started at ::1:4001
 {"metadata":{"emulator":{"name":"ui"},"message":"Web / API server started at ::1:4001\n"}}
[info] i  functions: Watching "D:\E-Library Project\e-library\functions" for Cloud Functions... {"metadata":{"emulator":{"name":"functions"},"message":"Watching \"D:\\E-Library Project\\e-library\\functions\" for Cloud Functions..."}}
[debug] [2023-03-20T18:32:37.436Z] Validating nodejs source
[debug] [2023-03-20T18:32:38.890Z] > [functions] package.json contents: {
  "name": "functions",
  "description": "Cloud Functions for Firebase",
  "scripts": {
    "lint": "eslint .",
    "serve": "firebase emulators:start --only functions",
    "shell": "firebase functions:shell",
    "start": "npm run shell",
    "deploy": "firebase deploy --only functions",
    "logs": "firebase functions:log"
  },
  "engines": {
    "node": "16"
  },
  "main": "index.js",
  "dependencies": {
    "cors": "^2.8.5",
    "express": "^4.18.2",
    "firebase-admin": "^11.5.0",
    "firebase-functions": "^3.18.0",
    "stripe": "^11.11.0"
  },
  "devDependencies": {
    "eslint": "^8.9.0",
    "eslint-config-google": "^0.14.0",
    "firebase-functions-test": "^0.2.0"
  },
  "private": true
}
[debug] [2023-03-20T18:32:38.890Z] Building nodejs source
[debug] [2023-03-20T18:32:38.891Z] Failed to find version of module node: reached end of search path D:\E-Library Project\e-library\functions\node_modules
[warn] !  functions: Your requested "node" version "16" doesn't match your global version "19". Using node@19 from host. 
[debug] [2023-03-20T18:32:38.893Z] Could not find functions.yaml. Must use http discovery
[debug] [2023-03-20T18:32:39.003Z] Found firebase-functions binary at 'D:\E-Library Project\e-library\functions\node_modules\.bin\firebase-functions'
[debug] [2023-03-20T18:32:42.521Z] Serving at port 8445

[debug] [2023-03-20T18:32:47.866Z] Got response from /__/functions.yaml {"endpoints":{"api":{"platform":"gcfv1","availableMemoryMb":null,"timeoutSeconds":null,"minInstances":null,"maxInstances":null,"ingressSettings":null,"serviceAccountEmail":null,"vpc":null,"httpsTrigger":{},"entryPoint":"api"}},"specVersion":"v1alpha1","requiredAPIs":[]}
[debug] [2023-03-20T18:32:47.876Z] shutdown requested via /__/quitquitquit

[info] +  functions: Loaded functions definitions from source: api. {"metadata":{"emulator":{"name":"functions"},"message":"Loaded functions definitions from source: api."}}
[info] +  functions[us-central1-api]: http function initialized (http://127.0.0.1:5001/e-library-83bb8/us-central1/api). {"metadata":{"emulator":{"name":"functions"},"message":"\u001b[1mhttp\u001b[22m function initialized (http://127.0.0.1:5001/e-library-83bb8/us-central1/api)."}}
[info] 
┌─────────────────────────────────────────────────────────────┐
│ ✔  All emulators ready! It is now safe to connect your app. │
│ i  View Emulator UI at http://127.0.0.1:4001/               │
└─────────────────────────────────────────────────────────────┘

┌───────────┬────────────────┬─────────────────────────────────┐
│ Emulator  │ Host:Port      │ View in Emulator UI             │
├───────────┼────────────────┼─────────────────────────────────┤
│ Functions │ 127.0.0.1:5001 │ http://127.0.0.1:4001/functions │
├───────────┼────────────────┼─────────────────────────────────┤
│ Firestore │ 127.0.0.1:8080 │ http://127.0.0.1:4001/firestore │
├───────────┼────────────────┼─────────────────────────────────┤
│ Hosting   │ 127.0.0.1:5000 │ n/a                             │
└───────────┴────────────────┴─────────────────────────────────┘
  Emulator Hub running at 127.0.0.1:4400
  Other reserved ports: 4500, 9150

Issues? Report them at https://github.com/firebase/firebase-tools/issues and attach the *-debug.log files.
 
[debug] [2023-03-20T18:34:33.770Z] [work-queue] {"queuedWork":["/e-library-83bb8/us-central1/api/payments/create-2023-03-20T18:34:33.769Z"],"queueLength":1,"runningWork":[],"workRunningCount":0}
[debug] [2023-03-20T18:34:33.770Z] [work-queue] {"queuedWork":[],"queueLength":0,"runningWork":["/e-library-83bb8/us-central1/api/payments/create-2023-03-20T18:34:33.769Z"],"workRunningCount":1}
[debug] [2023-03-20T18:34:33.771Z] Accepted request POST /e-library-83bb8/us-central1/api/payments/create?total=39000 --> us-central1-api
[debug] [2023-03-20T18:34:33.781Z] [functions] Runtime ready! Sending request! {"metadata":{"emulator":{"name":"functions"},"message":"[functions] Runtime ready! Sending request!"}}
[debug] [2023-03-20T18:34:33.783Z] [functions] Got req.url=/e-library-83bb8/us-central1/api/payments/create?total=39000, mapping to path=/payments/create?total=39000 {"metadata":{"emulator":{"name":"functions"},"message":"[functions] Got req.url=/e-library-83bb8/us-central1/api/payments/create?total=39000, mapping to path=/payments/create?total=39000"}}
[debug] [2023-03-20T18:34:33.800Z] [worker-pool] addWorker(us-central1-api) {"metadata":{"emulator":{"name":"functions"},"message":"[worker-pool] addWorker(us-central1-api)"}}
[debug] [2023-03-20T18:34:33.802Z] [worker-pool] Adding worker with key us-central1-api, total=1 {"metadata":{"emulator":{"name":"functions"},"message":"[worker-pool] Adding worker with key us-central1-api, total=1"}}
[debug] [2023-03-20T18:34:33.810Z] [work-queue] {"queuedWork":["/e-library-83bb8/us-central1/api/payments/create-2023-03-20T18:34:33.810Z"],"queueLength":1,"runningWork":["/e-library-83bb8/us-central1/api/payments/create-2023-03-20T18:34:33.769Z"],"workRunningCount":1}
[debug] [2023-03-20T18:34:33.811Z] [work-queue] {"queuedWork":[],"queueLength":0,"runningWork":["/e-library-83bb8/us-central1/api/payments/create-2023-03-20T18:34:33.769Z","/e-library-83bb8/us-central1/api/payments/create-2023-03-20T18:34:33.810Z"],"workRunningCount":2}
[debug] [2023-03-20T18:34:33.812Z] Accepted request POST /e-library-83bb8/us-central1/api/payments/create?total=39000 --> us-central1-api
[debug] [2023-03-20T18:34:33.822Z] [functions] Runtime ready! Sending request! {"metadata":{"emulator":{"name":"functions"},"message":"[functions] Runtime ready! Sending request!"}}
[debug] [2023-03-20T18:34:33.822Z] [functions] Got req.url=/e-library-83bb8/us-central1/api/payments/create?total=39000, mapping to path=/payments/create?total=39000 {"metadata":{"emulator":{"name":"functions"},"message":"[functions] Got req.url=/e-library-83bb8/us-central1/api/payments/create?total=39000, mapping to path=/payments/create?total=39000"}}
[debug] [2023-03-20T18:34:33.839Z] [worker-pool] addWorker(us-central1-api) {"metadata":{"emulator":{"name":"functions"},"message":"[worker-pool] addWorker(us-central1-api)"}}
[debug] [2023-03-20T18:34:33.840Z] [worker-pool] Adding worker with key us-central1-api, total=2 {"metadata":{"emulator":{"name":"functions"},"message":"[worker-pool] Adding worker with key us-central1-api, total=2"}}
[debug] [2023-03-20T18:34:36.670Z] [runtime-status] [11056] Resolved module firebase-admin {"declared":true,"installed":true,"version":"10.3.0","resolution":"D:\\E-Library Project\\e-library\\functions\\node_modules\\firebase-admin\\lib\\index.js"} {"metadata":{"emulator":{"name":"functions"},"function":{"name":"us-central1-api"},"extension":{},"message":"[runtime-status] [11056] Resolved module firebase-admin {\"declared\":true,\"installed\":true,\"version\":\"10.3.0\",\"resolution\":\"D:\\\\E-Library Project\\\\e-library\\\\functions\\\\node_modules\\\\firebase-admin\\\\lib\\\\index.js\"}"}}
[debug] [2023-03-20T18:34:36.671Z] [runtime-status] [26864] Resolved module firebase-admin {"declared":true,"installed":true,"version":"10.3.0","resolution":"D:\\E-Library Project\\e-library\\functions\\node_modules\\firebase-admin\\lib\\index.js"} {"metadata":{"emulator":{"name":"functions"},"function":{"name":"us-central1-api"},"extension":{},"message":"[runtime-status] [26864] Resolved module firebase-admin {\"declared\":true,\"installed\":true,\"version\":\"10.3.0\",\"resolution\":\"D:\\\\E-Library Project\\\\e-library\\\\functions\\\\node_modules\\\\firebase-admin\\\\lib\\\\index.js\"}"}}
[debug] [2023-03-20T18:34:36.675Z] [runtime-status] [11056] Resolved module firebase-functions {"declared":true,"installed":true,"version":"4.2.1","resolution":"D:\\E-Library Project\\e-library\\functions\\node_modules\\firebase-functions\\lib\\v1\\index.js"} {"metadata":{"emulator":{"name":"functions"},"function":{"name":"us-central1-api"},"extension":{},"message":"[runtime-status] [11056] Resolved module firebase-functions {\"declared\":true,\"installed\":true,\"version\":\"4.2.1\",\"resolution\":\"D:\\\\E-Library Project\\\\e-library\\\\functions\\\\node_modules\\\\firebase-functions\\\\lib\\\\v1\\\\index.js\"}"}}
[debug] [2023-03-20T18:34:36.678Z] [runtime-status] [11056] Outgoing network have been stubbed. [{"name":"http","status":"mocked"},{"name":"http","status":"mocked"},{"name":"https","status":"mocked"},{"name":"https","status":"mocked"},{"name":"net","status":"mocked"}] {"metadata":{"emulator":{"name":"functions"},"function":{"name":"us-central1-api"},"extension":{},"message":"[runtime-status] [11056] Outgoing network have been stubbed. [{\"name\":\"http\",\"status\":\"mocked\"},{\"name\":\"http\",\"status\":\"mocked\"},{\"name\":\"https\",\"status\":\"mocked\"},{\"name\":\"https\",\"status\":\"mocked\"},{\"name\":\"net\",\"status\":\"mocked\"}]"}}
[debug] [2023-03-20T18:34:36.679Z] [runtime-status] [26864] Resolved module firebase-functions {"declared":true,"installed":true,"version":"4.2.1","resolution":"D:\\E-Library Project\\e-library\\functions\\node_modules\\firebase-functions\\lib\\v1\\index.js"} {"metadata":{"emulator":{"name":"functions"},"function":{"name":"us-central1-api"},"extension":{},"message":"[runtime-status] [26864] Resolved module firebase-functions {\"declared\":true,\"installed\":true,\"version\":\"4.2.1\",\"resolution\":\"D:\\\\E-Library Project\\\\e-library\\\\functions\\\\node_modules\\\\firebase-functions\\\\lib\\\\v1\\\\index.js\"}"}}
[debug] [2023-03-20T18:34:36.680Z] [runtime-status] [26864] Outgoing network have been stubbed. [{"name":"http","status":"mocked"},{"name":"http","status":"mocked"},{"name":"https","status":"mocked"},{"name":"https","status":"mocked"},{"name":"net","status":"mocked"}] {"metadata":{"emulator":{"name":"functions"},"function":{"name":"us-central1-api"},"extension":{},"message":"[runtime-status] [26864] Outgoing network have been stubbed. [{\"name\":\"http\",\"status\":\"mocked\"},{\"name\":\"http\",\"status\":\"mocked\"},{\"name\":\"https\",\"status\":\"mocked\"},{\"name\":\"https\",\"status\":\"mocked\"},{\"name\":\"net\",\"status\":\"mocked\"}]"}}
[debug] [2023-03-20T18:34:36.683Z] [runtime-status] [11056] Resolved module firebase-functions {"declared":true,"installed":true,"version":"4.2.1","resolution":"D:\\E-Library Project\\e-library\\functions\\node_modules\\firebase-functions\\lib\\v1\\index.js"} {"metadata":{"emulator":{"name":"functions"},"function":{"name":"us-central1-api"},"extension":{},"message":"[runtime-status] [11056] Resolved module firebase-functions {\"declared\":true,\"installed\":true,\"version\":\"4.2.1\",\"resolution\":\"D:\\\\E-Library Project\\\\e-library\\\\functions\\\\node_modules\\\\firebase-functions\\\\lib\\\\v1\\\\index.js\"}"}}
[debug] [2023-03-20T18:34:36.686Z] [runtime-status] [26864] Resolved module firebase-functions {"declared":true,"installed":true,"version":"4.2.1","resolution":"D:\\E-Library Project\\e-library\\functions\\node_modules\\firebase-functions\\lib\\v1\\index.js"} {"metadata":{"emulator":{"name":"functions"},"function":{"name":"us-central1-api"},"extension":{},"message":"[runtime-status] [26864] Resolved module firebase-functions {\"declared\":true,\"installed\":true,\"version\":\"4.2.1\",\"resolution\":\"D:\\\\E-Library Project\\\\e-library\\\\functions\\\\node_modules\\\\firebase-functions\\\\lib\\\\v1\\\\index.js\"}"}}
[debug] [2023-03-20T18:34:37.081Z] [runtime-status] [26864] Checked functions.config() {"config":{}} {"metadata":{"emulator":{"name":"functions"},"function":{"name":"us-central1-api"},"extension":{},"message":"[runtime-status] [26864] Checked functions.config() {\"config\":{}}"}}
[debug] [2023-03-20T18:34:37.081Z] [runtime-status] [26864] firebase-functions has been stubbed. {"functionsResolution":{"declared":true,"installed":true,"version":"4.2.1","resolution":"D:\\E-Library Project\\e-library\\functions\\node_modules\\firebase-functions\\lib\\v1\\index.js"}} {"metadata":{"emulator":{"name":"functions"},"function":{"name":"us-central1-api"},"extension":{},"message":"[runtime-status] [26864] firebase-functions has been stubbed. {\"functionsResolution\":{\"declared\":true,\"installed\":true,\"version\":\"4.2.1\",\"resolution\":\"D:\\\\E-Library Project\\\\e-library\\\\functions\\\\node_modules\\\\firebase-functions\\\\lib\\\\v1\\\\index.js\"}}"}}
[debug] [2023-03-20T18:34:37.082Z] [runtime-status] [26864] Resolved module firebase-functions {"declared":true,"installed":true,"version":"4.2.1","resolution":"D:\\E-Library Project\\e-library\\functions\\node_modules\\firebase-functions\\lib\\v1\\index.js"} {"metadata":{"emulator":{"name":"functions"},"function":{"name":"us-central1-api"},"extension":{},"message":"[runtime-status] [26864] Resolved module firebase-functions {\"declared\":true,\"installed\":true,\"version\":\"4.2.1\",\"resolution\":\"D:\\\\E-Library Project\\\\e-library\\\\functions\\\\node_modules\\\\firebase-functions\\\\lib\\\\v1\\\\index.js\"}"}}
[debug] [2023-03-20T18:34:37.083Z] [runtime-status] [11056] Checked functions.config() {"config":{}} {"metadata":{"emulator":{"name":"functions"},"function":{"name":"us-central1-api"},"extension":{},"message":"[runtime-status] [11056] Checked functions.config() {\"config\":{}}"}}
[debug] [2023-03-20T18:34:37.083Z] [runtime-status] [11056] firebase-functions has been stubbed. {"functionsResolution":{"declared":true,"installed":true,"version":"4.2.1","resolution":"D:\\E-Library Project\\e-library\\functions\\node_modules\\firebase-functions\\lib\\v1\\index.js"}} {"metadata":{"emulator":{"name":"functions"},"function":{"name":"us-central1-api"},"extension":{},"message":"[runtime-status] [11056] firebase-functions has been stubbed. {\"functionsResolution\":{\"declared\":true,\"installed\":true,\"version\":\"4.2.1\",\"resolution\":\"D:\\\\E-Library Project\\\\e-library\\\\functions\\\\node_modules\\\\firebase-functions\\\\lib\\\\v1\\\\index.js\"}}"}}
[debug] [2023-03-20T18:34:37.083Z] [runtime-status] [26864] Resolved module firebase-admin {"declared":true,"installed":true,"version":"10.3.0","resolution":"D:\\E-Library Project\\e-library\\functions\\node_modules\\firebase-admin\\lib\\index.js"} {"metadata":{"emulator":{"name":"functions"},"function":{"name":"us-central1-api"},"extension":{},"message":"[runtime-status] [26864] Resolved module firebase-admin {\"declared\":true,\"installed\":true,\"version\":\"10.3.0\",\"resolution\":\"D:\\\\E-Library Project\\\\e-library\\\\functions\\\\node_modules\\\\firebase-admin\\\\lib\\\\index.js\"}"}}
[debug] [2023-03-20T18:34:37.084Z] [runtime-status] [11056] Resolved module firebase-functions {"declared":true,"installed":true,"version":"4.2.1","resolution":"D:\\E-Library Project\\e-library\\functions\\node_modules\\firebase-functions\\lib\\v1\\index.js"} {"metadata":{"emulator":{"name":"functions"},"function":{"name":"us-central1-api"},"extension":{},"message":"[runtime-status] [11056] Resolved module firebase-functions {\"declared\":true,\"installed\":true,\"version\":\"4.2.1\",\"resolution\":\"D:\\\\E-Library Project\\\\e-library\\\\functions\\\\node_modules\\\\firebase-functions\\\\lib\\\\v1\\\\index.js\"}"}}
[debug] [2023-03-20T18:34:37.251Z] [runtime-status] [11056] Resolved module firebase-admin {"declared":true,"installed":true,"version":"10.3.0","resolution":"D:\\E-Library Project\\e-library\\functions\\node_modules\\firebase-admin\\lib\\index.js"} {"metadata":{"emulator":{"name":"functions"},"function":{"name":"us-central1-api"},"extension":{},"message":"[runtime-status] [11056] Resolved module firebase-admin {\"declared\":true,\"installed\":true,\"version\":\"10.3.0\",\"resolution\":\"D:\\\\E-Library Project\\\\e-library\\\\functions\\\\node_modules\\\\firebase-admin\\\\lib\\\\index.js\"}"}}
[debug] [2023-03-20T18:34:37.568Z] [runtime-status] [11056] Resolved module firebase-functions {"declared":true,"installed":true,"version":"4.2.1","resolution":"D:\\E-Library Project\\e-library\\functions\\node_modules\\firebase-functions\\lib\\v1\\index.js"} {"metadata":{"emulator":{"name":"functions"},"function":{"name":"us-central1-api"},"extension":{},"message":"[runtime-status] [11056] Resolved module firebase-functions {\"declared\":true,\"installed\":true,\"version\":\"4.2.1\",\"resolution\":\"D:\\\\E-Library Project\\\\e-library\\\\functions\\\\node_modules\\\\firebase-functions\\\\lib\\\\v1\\\\index.js\"}"}}
[debug] [2023-03-20T18:34:37.570Z] [runtime-status] [11056] firebase-admin has been stubbed. {"adminResolution":{"declared":true,"installed":true,"version":"10.3.0","resolution":"D:\\E-Library Project\\e-library\\functions\\node_modules\\firebase-admin\\lib\\index.js"}} {"metadata":{"emulator":{"name":"functions"},"function":{"name":"us-central1-api"},"extension":{},"message":"[runtime-status] [11056] firebase-admin has been stubbed. {\"adminResolution\":{\"declared\":true,\"installed\":true,\"version\":\"10.3.0\",\"resolution\":\"D:\\\\E-Library Project\\\\e-library\\\\functions\\\\node_modules\\\\firebase-admin\\\\lib\\\\index.js\"}}"}}
[debug] [2023-03-20T18:34:37.571Z] [runtime-status] [26864] Resolved module firebase-functions {"declared":true,"installed":true,"version":"4.2.1","resolution":"D:\\E-Library Project\\e-library\\functions\\node_modules\\firebase-functions\\lib\\v1\\index.js"} {"metadata":{"emulator":{"name":"functions"},"function":{"name":"us-central1-api"},"extension":{},"message":"[runtime-status] [26864] Resolved module firebase-functions {\"declared\":true,\"installed\":true,\"version\":\"4.2.1\",\"resolution\":\"D:\\\\E-Library Project\\\\e-library\\\\functions\\\\node_modules\\\\firebase-functions\\\\lib\\\\v1\\\\index.js\"}"}}
[debug] [2023-03-20T18:34:37.572Z] [runtime-status] [26864] firebase-admin has been stubbed. {"adminResolution":{"declared":true,"installed":true,"version":"10.3.0","resolution":"D:\\E-Library Project\\e-library\\functions\\node_modules\\firebase-admin\\lib\\index.js"}} {"metadata":{"emulator":{"name":"functions"},"function":{"name":"us-central1-api"},"extension":{},"message":"[runtime-status] [26864] firebase-admin has been stubbed. {\"adminResolution\":{\"declared\":true,\"installed\":true,\"version\":\"10.3.0\",\"resolution\":\"D:\\\\E-Library Project\\\\e-library\\\\functions\\\\node_modules\\\\firebase-admin\\\\lib\\\\index.js\"}}"}}
[debug] [2023-03-20T18:34:38.266Z] [runtime-status] [26864] Functions runtime initialized. {"cwd":"D:\\E-Library Project\\e-library\\functions","node_version":"19.2.0"} {"metadata":{"emulator":{"name":"functions"},"function":{"name":"us-central1-api"},"extension":{},"message":"[runtime-status] [26864] Functions runtime initialized. {\"cwd\":\"D:\\\\E-Library Project\\\\e-library\\\\functions\",\"node_version\":\"19.2.0\"}"}}
[debug] [2023-03-20T18:34:38.267Z] [runtime-status] [26864] Listening to port: \\?\pipe\fire_emu_a5b5fc06efaeecb9 {"metadata":{"emulator":{"name":"functions"},"function":{"name":"us-central1-api"},"extension":{},"message":"[runtime-status] [26864] Listening to port: \\\\?\\pipe\\fire_emu_a5b5fc06efaeecb9"}}
[debug] [2023-03-20T18:34:38.275Z] [runtime-status] [11056] Functions runtime initialized. {"cwd":"D:\\E-Library Project\\e-library\\functions","node_version":"19.2.0"} {"metadata":{"emulator":{"name":"functions"},"function":{"name":"us-central1-api"},"extension":{},"message":"[runtime-status] [11056] Functions runtime initialized. {\"cwd\":\"D:\\\\E-Library Project\\\\e-library\\\\functions\",\"node_version\":\"19.2.0\"}"}}
[debug] [2023-03-20T18:34:38.276Z] [runtime-status] [11056] Listening to port: \\?\pipe\fire_emu_d9070f37a0d264f5 {"metadata":{"emulator":{"name":"functions"},"function":{"name":"us-central1-api"},"extension":{},"message":"[runtime-status] [11056] Listening to port: \\\\?\\pipe\\fire_emu_d9070f37a0d264f5"}}
[debug] [2023-03-20T18:34:38.369Z] [worker-us-central1-api-44ea8499-c9a0-4ed5-9491-6dcfd9c55668]: IDLE {"metadata":{"emulator":{"name":"functions"},"function":{"name":"us-central1-api"},"extension":{},"message":"[worker-us-central1-api-44ea8499-c9a0-4ed5-9491-6dcfd9c55668]: IDLE"}}
[debug] [2023-03-20T18:34:38.370Z] [worker-pool] submitRequest(triggerId=us-central1-api) {"metadata":{"emulator":{"name":"functions"},"message":"[worker-pool] submitRequest(triggerId=us-central1-api)"}}
[info] i  functions: Beginning execution of "us-central1-api" {"metadata":{"emulator":{"name":"functions"},"function":{"name":"us-central1-api"},"extension":{},"message":"Beginning execution of \"us-central1-api\""}}
[debug] [2023-03-20T18:34:38.373Z] [worker-us-central1-api-44ea8499-c9a0-4ed5-9491-6dcfd9c55668]: BUSY {"metadata":{"emulator":{"name":"functions"},"function":{"name":"us-central1-api"},"extension":{},"message":"[worker-us-central1-api-44ea8499-c9a0-4ed5-9491-6dcfd9c55668]: BUSY"}}
[info] >  Payment Request Received BOOM!!! for this amount >>> 39000 {"user":"Payment Request Received BOOM!!! for this amount >>> 39000","metadata":{"emulator":{"name":"functions"},"function":{"name":"us-central1-api"},"extension":{},"message":"\u001b[90m> \u001b[39m Payment Request Received BOOM!!! for this amount >>> 39000"}}
[debug] [2023-03-20T18:34:38.405Z] [worker-us-central1-api-0ffd07c5-c878-43e7-ad1e-205807558e02]: IDLE {"metadata":{"emulator":{"name":"functions"},"function":{"name":"us-central1-api"},"extension":{},"message":"[worker-us-central1-api-0ffd07c5-c878-43e7-ad1e-205807558e02]: IDLE"}}
[debug] [2023-03-20T18:34:38.407Z] [worker-pool] submitRequest(triggerId=us-central1-api) {"metadata":{"emulator":{"name":"functions"},"message":"[worker-pool] submitRequest(triggerId=us-central1-api)"}}
[info] i  functions: Beginning execution of "us-central1-api" {"metadata":{"emulator":{"name":"functions"},"function":{"name":"us-central1-api"},"extension":{},"message":"Beginning execution of \"us-central1-api\""}}
[debug] [2023-03-20T18:34:38.409Z] [worker-us-central1-api-0ffd07c5-c878-43e7-ad1e-205807558e02]: BUSY {"metadata":{"emulator":{"name":"functions"},"function":{"name":"us-central1-api"},"extension":{},"message":"[worker-us-central1-api-0ffd07c5-c878-43e7-ad1e-205807558e02]: BUSY"}}
[info] >  Payment Request Received BOOM!!! for this amount >>> 39000 {"user":"Payment Request Received BOOM!!! for this amount >>> 39000","metadata":{"emulator":{"name":"functions"},"function":{"name":"us-central1-api"},"extension":{},"message":"\u001b[90m> \u001b[39m Payment Request Received BOOM!!! for this amount >>> 39000"}}
[info] i  functions: Finished "us-central1-api" in 1081.1328ms {"metadata":{"emulator":{"name":"functions"},"function":{"name":"us-central1-api"},"extension":{},"message":"Finished \"us-central1-api\" in 1081.1328ms"}}
[debug] [2023-03-20T18:34:39.457Z] [worker-us-central1-api-44ea8499-c9a0-4ed5-9491-6dcfd9c55668]: IDLE {"metadata":{"emulator":{"name":"functions"},"function":{"name":"us-central1-api"},"extension":{},"message":"[worker-us-central1-api-44ea8499-c9a0-4ed5-9491-6dcfd9c55668]: IDLE"}}
[debug] [2023-03-20T18:34:39.457Z] [work-queue] {"queuedWork":[],"queueLength":0,"runningWork":["/e-library-83bb8/us-central1/api/payments/create-2023-03-20T18:34:33.810Z"],"workRunningCount":1}
[info] i  functions: Finished "us-central1-api" in 1050.8939ms {"metadata":{"emulator":{"name":"functions"},"function":{"name":"us-central1-api"},"extension":{},"message":"Finished \"us-central1-api\" in 1050.8939ms"}}
[debug] [2023-03-20T18:34:39.462Z] [worker-us-central1-api-0ffd07c5-c878-43e7-ad1e-205807558e02]: IDLE {"metadata":{"emulator":{"name":"functions"},"function":{"name":"us-central1-api"},"extension":{},"message":"[worker-us-central1-api-0ffd07c5-c878-43e7-ad1e-205807558e02]: IDLE"}}
[debug] [2023-03-20T18:34:39.463Z] [work-queue] {"queuedWork":[],"queueLength":0,"runningWork":[],"workRunningCount":0}
[debug] [2023-03-20T18:37:53.929Z] [work-queue] {"queuedWork":["/e-library-83bb8/us-central1/api/payments/create-2023-03-20T18:37:53.929Z"],"queueLength":1,"runningWork":[],"workRunningCount":0}
[debug] [2023-03-20T18:37:53.930Z] [work-queue] {"queuedWork":[],"queueLength":0,"runningWork":["/e-library-83bb8/us-central1/api/payments/create-2023-03-20T18:37:53.929Z"],"workRunningCount":1}
[debug] [2023-03-20T18:37:53.930Z] Accepted request POST /e-library-83bb8/us-central1/api/payments/create?total=39000 --> us-central1-api
[debug] [2023-03-20T18:37:53.938Z] [functions] Runtime ready! Sending request! {"metadata":{"emulator":{"name":"functions"},"message":"[functions] Runtime ready! Sending request!"}}
[debug] [2023-03-20T18:37:53.939Z] [functions] Got req.url=/e-library-83bb8/us-central1/api/payments/create?total=39000, mapping to path=/payments/create?total=39000 {"metadata":{"emulator":{"name":"functions"},"message":"[functions] Got req.url=/e-library-83bb8/us-central1/api/payments/create?total=39000, mapping to path=/payments/create?total=39000"}}
[debug] [2023-03-20T18:37:53.939Z] [worker-pool] submitRequest(triggerId=us-central1-api) {"metadata":{"emulator":{"name":"functions"},"message":"[worker-pool] submitRequest(triggerId=us-central1-api)"}}
[info] i  functions: Beginning execution of "us-central1-api" {"metadata":{"emulator":{"name":"functions"},"function":{"name":"us-central1-api"},"extension":{},"message":"Beginning execution of \"us-central1-api\""}}
[debug] [2023-03-20T18:37:53.940Z] [worker-us-central1-api-44ea8499-c9a0-4ed5-9491-6dcfd9c55668]: BUSY {"metadata":{"emulator":{"name":"functions"},"function":{"name":"us-central1-api"},"extension":{},"message":"[worker-us-central1-api-44ea8499-c9a0-4ed5-9491-6dcfd9c55668]: BUSY"}}
[debug] [2023-03-20T18:37:53.942Z] [work-queue] {"queuedWork":["/e-library-83bb8/us-central1/api/payments/create-2023-03-20T18:37:53.942Z"],"queueLength":1,"runningWork":["/e-library-83bb8/us-central1/api/payments/create-2023-03-20T18:37:53.929Z"],"workRunningCount":1}
[debug] [2023-03-20T18:37:53.943Z] [work-queue] {"queuedWork":[],"queueLength":0,"runningWork":["/e-library-83bb8/us-central1/api/payments/create-2023-03-20T18:37:53.929Z","/e-library-83bb8/us-central1/api/payments/create-2023-03-20T18:37:53.942Z"],"workRunningCount":2}
[debug] [2023-03-20T18:37:53.943Z] Accepted request POST /e-library-83bb8/us-central1/api/payments/create?total=39000 --> us-central1-api
[debug] [2023-03-20T18:37:53.951Z] [functions] Runtime ready! Sending request! {"metadata":{"emulator":{"name":"functions"},"message":"[functions] Runtime ready! Sending request!"}}
[debug] [2023-03-20T18:37:53.951Z] [functions] Got req.url=/e-library-83bb8/us-central1/api/payments/create?total=39000, mapping to path=/payments/create?total=39000 {"metadata":{"emulator":{"name":"functions"},"message":"[functions] Got req.url=/e-library-83bb8/us-central1/api/payments/create?total=39000, mapping to path=/payments/create?total=39000"}}
[debug] [2023-03-20T18:37:53.951Z] [worker-pool] submitRequest(triggerId=us-central1-api) {"metadata":{"emulator":{"name":"functions"},"message":"[worker-pool] submitRequest(triggerId=us-central1-api)"}}
[info] i  functions: Beginning execution of "us-central1-api" {"metadata":{"emulator":{"name":"functions"},"function":{"name":"us-central1-api"},"extension":{},"message":"Beginning execution of \"us-central1-api\""}}
[debug] [2023-03-20T18:37:53.952Z] [worker-us-central1-api-0ffd07c5-c878-43e7-ad1e-205807558e02]: BUSY {"metadata":{"emulator":{"name":"functions"},"function":{"name":"us-central1-api"},"extension":{},"message":"[worker-us-central1-api-0ffd07c5-c878-43e7-ad1e-205807558e02]: BUSY"}}
[info] >  Payment Request Received BOOM!!! for this amount >>> 39000 {"user":"Payment Request Received BOOM!!! for this amount >>> 39000","metadata":{"emulator":{"name":"functions"},"function":{"name":"us-central1-api"},"extension":{},"message":"\u001b[90m> \u001b[39m Payment Request Received BOOM!!! for this amount >>> 39000"}}
[info] >  Payment Request Received BOOM!!! for this amount >>> 39000 {"user":"Payment Request Received BOOM!!! for this amount >>> 39000","metadata":{"emulator":{"name":"functions"},"function":{"name":"us-central1-api"},"extension":{},"message":"\u001b[90m> \u001b[39m Payment Request Received BOOM!!! for this amount >>> 39000"}}
[info] i  functions: Finished "us-central1-api" in 501.892ms {"metadata":{"emulator":{"name":"functions"},"function":{"name":"us-central1-api"},"extension":{},"message":"Finished \"us-central1-api\" in 501.892ms"}}
[debug] [2023-03-20T18:37:54.456Z] [worker-us-central1-api-0ffd07c5-c878-43e7-ad1e-205807558e02]: IDLE {"metadata":{"emulator":{"name":"functions"},"function":{"name":"us-central1-api"},"extension":{},"message":"[worker-us-central1-api-0ffd07c5-c878-43e7-ad1e-205807558e02]: IDLE"}}
[debug] [2023-03-20T18:37:54.456Z] [work-queue] {"queuedWork":[],"queueLength":0,"runningWork":["/e-library-83bb8/us-central1/api/payments/create-2023-03-20T18:37:53.929Z"],"workRunningCount":1}
[info] i  functions: Finished "us-central1-api" in 543.0949ms {"metadata":{"emulator":{"name":"functions"},"function":{"name":"us-central1-api"},"extension":{},"message":"Finished \"us-central1-api\" in 543.0949ms"}}
[debug] [2023-03-20T18:37:54.485Z] [worker-us-central1-api-44ea8499-c9a0-4ed5-9491-6dcfd9c55668]: IDLE {"metadata":{"emulator":{"name":"functions"},"function":{"name":"us-central1-api"},"extension":{},"message":"[worker-us-central1-api-44ea8499-c9a0-4ed5-9491-6dcfd9c55668]: IDLE"}}
[debug] [2023-03-20T18:37:54.485Z] [work-queue] {"queuedWork":[],"queueLength":0,"runningWork":[],"workRunningCount":0}
[debug] [2023-03-20T18:38:22.608Z] [work-queue] {"queuedWork":["/e-library-83bb8/us-central1/api/payments/create-2023-03-20T18:38:22.608Z"],"queueLength":1,"runningWork":[],"workRunningCount":0}
[debug] [2023-03-20T18:38:22.609Z] [work-queue] {"queuedWork":[],"queueLength":0,"runningWork":["/e-library-83bb8/us-central1/api/payments/create-2023-03-20T18:38:22.608Z"],"workRunningCount":1}
[debug] [2023-03-20T18:38:22.609Z] Accepted request POST /e-library-83bb8/us-central1/api/payments/create?total=39000 --> us-central1-api
[debug] [2023-03-20T18:38:22.616Z] [functions] Runtime ready! Sending request! {"metadata":{"emulator":{"name":"functions"},"message":"[functions] Runtime ready! Sending request!"}}
[debug] [2023-03-20T18:38:22.616Z] [functions] Got req.url=/e-library-83bb8/us-central1/api/payments/create?total=39000, mapping to path=/payments/create?total=39000 {"metadata":{"emulator":{"name":"functions"},"message":"[functions] Got req.url=/e-library-83bb8/us-central1/api/payments/create?total=39000, mapping to path=/payments/create?total=39000"}}
[debug] [2023-03-20T18:38:22.616Z] [worker-pool] submitRequest(triggerId=us-central1-api) {"metadata":{"emulator":{"name":"functions"},"message":"[worker-pool] submitRequest(triggerId=us-central1-api)"}}
[info] i  functions: Beginning execution of "us-central1-api" {"metadata":{"emulator":{"name":"functions"},"function":{"name":"us-central1-api"},"extension":{},"message":"Beginning execution of \"us-central1-api\""}}
[debug] [2023-03-20T18:38:22.617Z] [worker-us-central1-api-44ea8499-c9a0-4ed5-9491-6dcfd9c55668]: BUSY {"metadata":{"emulator":{"name":"functions"},"function":{"name":"us-central1-api"},"extension":{},"message":"[worker-us-central1-api-44ea8499-c9a0-4ed5-9491-6dcfd9c55668]: BUSY"}}
[debug] [2023-03-20T18:38:22.654Z] [work-queue] {"queuedWork":["/e-library-83bb8/us-central1/api/payments/create-2023-03-20T18:38:22.654Z"],"queueLength":1,"runningWork":["/e-library-83bb8/us-central1/api/payments/create-2023-03-20T18:38:22.608Z"],"workRunningCount":1}
[debug] [2023-03-20T18:38:22.655Z] [work-queue] {"queuedWork":[],"queueLength":0,"runningWork":["/e-library-83bb8/us-central1/api/payments/create-2023-03-20T18:38:22.608Z","/e-library-83bb8/us-central1/api/payments/create-2023-03-20T18:38:22.654Z"],"workRunningCount":2}
[debug] [2023-03-20T18:38:22.655Z] Accepted request POST /e-library-83bb8/us-central1/api/payments/create?total=39000 --> us-central1-api
[debug] [2023-03-20T18:38:22.662Z] [functions] Runtime ready! Sending request! {"metadata":{"emulator":{"name":"functions"},"message":"[functions] Runtime ready! Sending request!"}}
[debug] [2023-03-20T18:38:22.662Z] [functions] Got req.url=/e-library-83bb8/us-central1/api/payments/create?total=39000, mapping to path=/payments/create?total=39000 {"metadata":{"emulator":{"name":"functions"},"message":"[functions] Got req.url=/e-library-83bb8/us-central1/api/payments/create?total=39000, mapping to path=/payments/create?total=39000"}}
[debug] [2023-03-20T18:38:22.663Z] [worker-pool] submitRequest(triggerId=us-central1-api) {"metadata":{"emulator":{"name":"functions"},"message":"[worker-pool] submitRequest(triggerId=us-central1-api)"}}
[info] i  functions: Beginning execution of "us-central1-api" {"metadata":{"emulator":{"name":"functions"},"function":{"name":"us-central1-api"},"extension":{},"message":"Beginning execution of \"us-central1-api\""}}
[debug] [2023-03-20T18:38:22.664Z] [worker-us-central1-api-0ffd07c5-c878-43e7-ad1e-205807558e02]: BUSY {"metadata":{"emulator":{"name":"functions"},"function":{"name":"us-central1-api"},"extension":{},"message":"[worker-us-central1-api-0ffd07c5-c878-43e7-ad1e-205807558e02]: BUSY"}}
[info] >  Payment Request Received BOOM!!! for this amount >>> 39000 {"user":"Payment Request Received BOOM!!! for this amount >>> 39000","metadata":{"emulator":{"name":"functions"},"function":{"name":"us-central1-api"},"extension":{},"message":"\u001b[90m> \u001b[39m Payment Request Received BOOM!!! for this amount >>> 39000"}}
[info] >  Payment Request Received BOOM!!! for this amount >>> 39000 {"user":"Payment Request Received BOOM!!! for this amount >>> 39000","metadata":{"emulator":{"name":"functions"},"function":{"name":"us-central1-api"},"extension":{},"message":"\u001b[90m> \u001b[39m Payment Request Received BOOM!!! for this amount >>> 39000"}}
[info] i  functions: Finished "us-central1-api" in 349.7153ms {"metadata":{"emulator":{"name":"functions"},"function":{"name":"us-central1-api"},"extension":{},"message":"Finished \"us-central1-api\" in 349.7153ms"}}
[debug] [2023-03-20T18:38:22.968Z] [worker-us-central1-api-44ea8499-c9a0-4ed5-9491-6dcfd9c55668]: IDLE {"metadata":{"emulator":{"name":"functions"},"function":{"name":"us-central1-api"},"extension":{},"message":"[worker-us-central1-api-44ea8499-c9a0-4ed5-9491-6dcfd9c55668]: IDLE"}}
[debug] [2023-03-20T18:38:22.968Z] [work-queue] {"queuedWork":[],"queueLength":0,"runningWork":["/e-library-83bb8/us-central1/api/payments/create-2023-03-20T18:38:22.654Z"],"workRunningCount":1}
[info] i  functions: Finished "us-central1-api" in 351.2199ms {"metadata":{"emulator":{"name":"functions"},"function":{"name":"us-central1-api"},"extension":{},"message":"Finished \"us-central1-api\" in 351.2199ms"}}
[debug] [2023-03-20T18:38:23.016Z] [worker-us-central1-api-0ffd07c5-c878-43e7-ad1e-205807558e02]: IDLE {"metadata":{"emulator":{"name":"functions"},"function":{"name":"us-central1-api"},"extension":{},"message":"[worker-us-central1-api-0ffd07c5-c878-43e7-ad1e-205807558e02]: IDLE"}}
[debug] [2023-03-20T18:38:23.017Z] [work-queue] {"queuedWork":[],"queueLength":0,"runningWork":[],"workRunningCount":0}
