[    0.000000] Linux version 4.15.0-202-generic (buildd@lcy02-amd64-115) (gcc version 7.5.0 (Ubuntu 7.5.0-3ubuntu1~18.04)) #213-Ubuntu SMP Thu Jan 5 19:19:12 UTC 2023 (Ubuntu 4.15.0-202.213-generic 4.15.18)
[    0.000000] Command line: BOOT_IMAGE=/boot/vmlinuz-4.15.0-202-generic root=UUID=1eadca60-4ce3-4eca-9639-b68a08f9d704 ro console=tty1 console=ttyS0
[    0.000000] KERNEL supported cpus:
[    0.000000]   Intel GenuineIntel
[    0.000000]   AMD AuthenticAMD
[    0.000000]   Centaur CentaurHauls
[    0.000000] [Firmware Bug]: TSC doesn't count with P0 frequency!
[    0.000000] x86/fpu: x87 FPU will use FXSAVE
[    0.000000] e820: BIOS-provided physical RAM map:
[    0.000000] BIOS-e820: [mem 0x0000000000000000-0x000000000009fbff] usable
[    0.000000] BIOS-e820: [mem 0x000000000009fc00-0x000000000009ffff] reserved
[    0.000000] BIOS-e820: [mem 0x00000000000f0000-0x00000000000fffff] reserved
[    0.000000] BIOS-e820: [mem 0x0000000000100000-0x00000000dffeffff] usable
[    0.000000] BIOS-e820: [mem 0x00000000dfff0000-0x00000000dfffffff] ACPI data
[    0.000000] BIOS-e820: [mem 0x00000000fec00000-0x00000000fec00fff] reserved
[    0.000000] BIOS-e820: [mem 0x00000000fee00000-0x00000000fee00fff] reserved
[    0.000000] BIOS-e820: [mem 0x00000000fffc0000-0x00000000ffffffff] reserved
[    0.000000] BIOS-e820: [mem 0x0000000100000000-0x000000011fffffff] usable
[    0.000000] NX (Execute Disable) protection: active
[    0.000000] SMBIOS 2.5 present.
[    0.000000] DMI: innotek GmbH VirtualBox/VirtualBox, BIOS VirtualBox 12/01/2006
[    0.000000] Hypervisor detected: KVM
[    0.000000] e820: last_pfn = 0x120000 max_arch_pfn = 0x400000000
[    0.000000] MTRR: Disabled
[    0.000000] x86/PAT: MTRRs disabled, skipping PAT initialization too.
[    0.000000] CPU MTRRs all blank - virtualized system.
[    0.000000] x86/PAT: Configuration [0-7]: WB  WT  UC- UC  WB  WT  UC- UC  
[    0.000000] e820: last_pfn = 0xdfff0 max_arch_pfn = 0x400000000
[    0.000000] found SMP MP-table at [mem 0x0009fff0-0x0009ffff]
[    0.000000] Scanning 1 areas for low memory corruption
[    0.000000] RAMDISK: [mem 0x3581d000-0x36c05fff]
[    0.000000] ACPI: Early table checksum verification disabled
[    0.000000] ACPI: RSDP 0x00000000000E0000 000024 (v02 VBOX  )
[    0.000000] ACPI: XSDT 0x00000000DFFF0030 00003C (v01 VBOX   VBOXXSDT 00000001 ASL  00000061)
[    0.000000] ACPI: FACP 0x00000000DFFF00F0 0000F4 (v04 VBOX   VBOXFACP 00000001 ASL  00000061)
[    0.000000] ACPI: DSDT 0x00000000DFFF0620 002353 (v02 VBOX   VBOXBIOS 00000002 INTL 20100528)
[    0.000000] ACPI: FACS 0x00000000DFFF0200 000040
[    0.000000] ACPI: FACS 0x00000000DFFF0200 000040
[    0.000000] ACPI: APIC 0x00000000DFFF0240 00006C (v02 VBOX   VBOXAPIC 00000001 ASL  00000061)
[    0.000000] ACPI: SSDT 0x00000000DFFF02B0 00036C (v01 VBOX   VBOXCPUT 00000002 INTL 20100528)
[    0.000000] ACPI: Reserving FACP table memory at [mem 0xdfff00f0-0xdfff01e3]
[    0.000000] ACPI: Reserving DSDT table memory at [mem 0xdfff0620-0xdfff2972]
[    0.000000] ACPI: Reserving FACS table memory at [mem 0xdfff0200-0xdfff023f]
[    0.000000] ACPI: Reserving FACS table memory at [mem 0xdfff0200-0xdfff023f]
[    0.000000] ACPI: Reserving APIC table memory at [mem 0xdfff0240-0xdfff02ab]
[    0.000000] ACPI: Reserving SSDT table memory at [mem 0xdfff02b0-0xdfff061b]
[    0.000000] No NUMA configuration found
[    0.000000] Faking a node at [mem 0x0000000000000000-0x000000011fffffff]
[    0.000000] NODE_DATA(0) allocated [mem 0x11ffd5000-0x11fffffff]
[    0.000000] kvm-clock: cpu 0, msr 1:1ff54001, primary cpu clock
[    0.000000] kvm-clock: Using msrs 4b564d01 and 4b564d00
[    0.000000] kvm-clock: using sched offset of 3889717914 cycles
[    0.000000] clocksource: kvm-clock: mask: 0xffffffffffffffff max_cycles: 0x1cd42e4dffb, max_idle_ns: 881590591483 ns
[    0.000000] Zone ranges:
[    0.000000]   DMA      [mem 0x0000000000001000-0x0000000000ffffff]
[    0.000000]   DMA32    [mem 0x0000000001000000-0x00000000ffffffff]
[    0.000000]   Normal   [mem 0x0000000100000000-0x000000011fffffff]
[    0.000000]   Device   empty
[    0.000000] Movable zone start for each node
[    0.000000] Early memory node ranges
[    0.000000]   node   0: [mem 0x0000000000001000-0x000000000009efff]
[    0.000000]   node   0: [mem 0x0000000000100000-0x00000000dffeffff]
[    0.000000]   node   0: [mem 0x0000000100000000-0x000000011fffffff]
[    0.000000] Reserved but unavailable: 104 pages
[    0.000000] Initmem setup node 0 [mem 0x0000000000001000-0x000000011fffffff]
[    0.000000] ACPI: PM-Timer IO Port: 0x4008
[    0.000000] IOAPIC[0]: apic_id 4, version 32, address 0xfec00000, GSI 0-23
[    0.000000] ACPI: INT_SRC_OVR (bus 0 bus_irq 0 global_irq 2 dfl dfl)
[    0.000000] ACPI: INT_SRC_OVR (bus 0 bus_irq 9 global_irq 9 low level)
[    0.000000] Using ACPI (MADT) for SMP configuration information
[    0.000000] smpboot: Allowing 4 CPUs, 0 hotplug CPUs
[    0.000000] PM: Registered nosave memory: [mem 0x00000000-0x00000fff]
[    0.000000] PM: Registered nosave memory: [mem 0x0009f000-0x0009ffff]
[    0.000000] PM: Registered nosave memory: [mem 0x000a0000-0x000effff]
[    0.000000] PM: Registered nosave memory: [mem 0x000f0000-0x000fffff]
[    0.000000] PM: Registered nosave memory: [mem 0xdfff0000-0xdfffffff]
[    0.000000] PM: Registered nosave memory: [mem 0xe0000000-0xfebfffff]
[    0.000000] PM: Registered nosave memory: [mem 0xfec00000-0xfec00fff]
[    0.000000] PM: Registered nosave memory: [mem 0xfec01000-0xfedfffff]
[    0.000000] PM: Registered nosave memory: [mem 0xfee00000-0xfee00fff]
[    0.000000] PM: Registered nosave memory: [mem 0xfee01000-0xfffbffff]
[    0.000000] PM: Registered nosave memory: [mem 0xfffc0000-0xffffffff]
[    0.000000] e820: [mem 0xe0000000-0xfebfffff] available for PCI devices
[    0.000000] Booting paravirtualized kernel on KVM
[    0.000000] clocksource: refined-jiffies: mask: 0xffffffff max_cycles: 0xffffffff, max_idle_ns: 7645519600211568 ns
[    0.000000] setup_percpu: NR_CPUS:8192 nr_cpumask_bits:4 nr_cpu_ids:4 nr_node_ids:1
[    0.000000] percpu: Embedded 50 pages/cpu s167936 r8192 d28672 u524288
[    0.000000] PV qspinlock hash table entries: 256 (order: 0, 4096 bytes)
[    0.000000] Built 1 zonelists, mobility grouping on.  Total pages: 1032057
[    0.000000] Policy zone: Normal
[    0.000000] Kernel command line: BOOT_IMAGE=/boot/vmlinuz-4.15.0-202-generic root=UUID=1eadca60-4ce3-4eca-9639-b68a08f9d704 ro console=tty1 console=ttyS0
[    0.000000] Memory: 4012016K/4193848K available (12300K kernel code, 2477K rwdata, 4320K rodata, 2472K init, 2720K bss, 181832K reserved, 0K cma-reserved)
[    0.000000] SLUB: HWalign=64, Order=0-3, MinObjects=0, CPUs=4, Nodes=1
[    0.000000] ftrace: allocating 39478 entries in 155 pages
[    0.004000] Hierarchical RCU implementation.
[    0.004000] 	RCU restricting CPUs from NR_CPUS=8192 to nr_cpu_ids=4.
[    0.004000] 	Tasks RCU enabled.
[    0.004000] RCU: Adjusting geometry for rcu_fanout_leaf=16, nr_cpu_ids=4
[    0.004000] NR_IRQS: 524544, nr_irqs: 456, preallocated irqs: 16
[    0.004000] random: crng init done
[    0.004000] Console: colour VGA+ 80x25
[    0.004000] console [tty1] enabled
[    0.004000] console [ttyS0] enabled
[    0.004000] ACPI: Core revision 20170831
[    0.004000] ACPI: 2 ACPI AML tables successfully acquired and loaded
[    0.004000] APIC: Switch to symmetric I/O mode setup
[    0.004000] ..TIMER: vector=0x30 apic1=0 pin1=2 apic2=-1 pin2=-1
[    0.004008] tsc: Detected 2894.570 MHz processor
[    0.008009] Calibrating delay loop (skipped) preset value.. 5789.14 BogoMIPS (lpj=11578280)
[    0.012010] pid_max: default: 32768 minimum: 301
[    0.016122] Security Framework initialized
[    0.020008] Yama: becoming mindful.
[    0.024209] AppArmor: AppArmor initialized
[    0.052547] Dentry cache hash table entries: 524288 (order: 10, 4194304 bytes)
[    0.067399] Inode-cache hash table entries: 262144 (order: 9, 2097152 bytes)
[    0.068337] Mount-cache hash table entries: 8192 (order: 4, 65536 bytes)
[    0.072328] Mountpoint-cache hash table entries: 8192 (order: 4, 65536 bytes)
[    0.080028] Last level iTLB entries: 4KB 1024, 2MB 1024, 4MB 512
[    0.084007] Last level dTLB entries: 4KB 2048, 2MB 2048, 4MB 1024, 1GB 0
[    0.088010] Spectre V1 : Mitigation: usercopy/swapgs barriers and __user pointer sanitization
[    0.092008] Spectre V2 : Mitigation: Retpolines
[    0.096007] Spectre V2 : Spectre v2 / SpectreRSB mitigation: Filling RSB on context switch
[    0.100185] Freeing SMP alternatives memory: 36K
[    0.216922] smpboot: CPU0: AMD Ryzen 7 4800H with Radeon Graphics (family: 0x17, model: 0x60, stepping: 0x1)
[    0.220872] Performance Events: PMU not available due to virtualization, using software events only.
[    0.224208] Hierarchical SRCU implementation.
[    0.228947] NMI watchdog: Perf event create on CPU 0 failed with -2
[    0.232009] NMI watchdog: Perf NMI watchdog permanently disabled
[    0.236873] smp: Bringing up secondary CPUs ...
[    0.244103] x86: Booting SMP configuration:
[    0.247748] .... node  #0, CPUs:      #1
[    0.004000] kvm-clock: cpu 1, msr 1:1ff54041, secondary cpu clock
[    0.256000] TSC synchronization [CPU#0 -> CPU#1]:
[    0.256000] Measured 85693 cycles TSC warp between CPUs, turning off TSC clock.
[    0.256000] tsc: Marking TSC unstable due to check_tsc_sync_source failed
[    0.260719]  #2
[    0.004000] kvm-clock: cpu 2, msr 1:1ff54081, secondary cpu clock
[    0.268657]  #3
[    0.004000] kvm-clock: cpu 3, msr 1:1ff540c1, secondary cpu clock
[    0.276719] smp: Brought up 1 node, 4 CPUs
[    0.280013] smpboot: Max logical packages: 1
[    0.284011] smpboot: Total of 4 processors activated (23156.56 BogoMIPS)
[    0.292108] devtmpfs: initialized
[    0.296440] x86/mm: Memory block size: 128MB
[    0.301525] evm: security.selinux
[    0.308005] evm: security.SMACK64
[    0.312009] evm: security.SMACK64EXEC
[    0.316012] evm: security.SMACK64TRANSMUTE
[    0.320009] evm: security.SMACK64MMAP
[    0.328006] evm: security.apparmor
[    0.332006] evm: security.ima
[    0.336005] evm: security.capability
[    0.345130] clocksource: jiffies: mask: 0xffffffff max_cycles: 0xffffffff, max_idle_ns: 7645041785100000 ns
[    0.360277] futex hash table entries: 1024 (order: 4, 65536 bytes)
[    0.369543] pinctrl core: initialized pinctrl subsystem
[    0.377507] RTC time: 19:14:07, date: 03/10/23
[    0.386080] NET: Registered protocol family 16
[    0.392324] audit: initializing netlink subsys (disabled)
[    0.400268] audit: type=2000 audit(1678475652.772:1): state=initialized audit_enabled=0 res=1
[    0.404127] cpuidle: using governor ladder
[    0.408271] cpuidle: using governor menu
[    0.416454] ACPI: bus type PCI registered
[    0.420005] acpiphp: ACPI Hot Plug PCI Controller Driver version: 0.5
[    0.424741] PCI: Using configuration type 1 for base access
[    0.428005] PCI: Using configuration type 1 for extended access
[    0.444245] HugeTLB registered 2.00 MiB page size, pre-allocated 0 pages
[    0.456479] ACPI: Added _OSI(Module Device)
[    0.460011] ACPI: Added _OSI(Processor Device)
[    0.468008] ACPI: Added _OSI(3.0 _SCP Extensions)
[    0.472007] ACPI: Added _OSI(Processor Aggregator Device)
[    0.476008] ACPI: Added _OSI(Linux-Dell-Video)
[    0.484008] ACPI: Added _OSI(Linux-Lenovo-NV-HDMI-Audio)
[    0.488005] ACPI: Added _OSI(Linux-HPI-Hybrid-Graphics)
[    0.492260] ACPI: Executed 1 blocks of module-level executable AML code
[    0.506407] ACPI: Interpreter enabled
[    0.512024] ACPI: (supports S0 S5)
[    0.516004] ACPI: Using IOAPIC for interrupt routing
[    0.520426] PCI: Using host bridge windows from ACPI; if necessary, use "pci=nocrs" and report a bug
[    0.528323] ACPI: Enabled 2 GPEs in block 00 to 07
[    0.543772] ACPI: PCI Root Bridge [PCI0] (domain 0000 [bus 00-ff])
[    0.552017] acpi PNP0A03:00: _OSC: OS supports [ExtendedConfig ASPM ClockPM Segments MSI]
[    0.561535] acpi PNP0A03:00: _OSC: platform does not support [PCIeCapability]
[    0.568805] acpi PNP0A03:00: _OSC: not requesting control; platform does not support [PCIeCapability]
[    0.576009] acpi PNP0A03:00: _OSC: OS requested [PCIeHotplug PME AER PCIeCapability]
[    0.584008] acpi PNP0A03:00: _OSC: platform willing to grant [PCIeHotplug PME AER]
[    0.592014] acpi PNP0A03:00: _OSC failed (AE_SUPPORT); disabling ASPM
[    0.600879] PCI host bridge to bus 0000:00
[    0.604009] pci_bus 0000:00: root bus resource [io  0x0000-0x0cf7 window]
[    0.612009] pci_bus 0000:00: root bus resource [io  0x0d00-0xffff window]
[    0.620009] pci_bus 0000:00: root bus resource [mem 0x000a0000-0x000bffff window]
[    0.624010] pci_bus 0000:00: root bus resource [mem 0xe0000000-0xfdffffff window]
[    0.636014] pci_bus 0000:00: root bus resource [bus 00-ff]
[    0.649326] pci 0000:00:01.1: legacy IDE quirk: reg 0x10: [io  0x01f0-0x01f7]
[    0.656040] pci 0000:00:01.1: legacy IDE quirk: reg 0x14: [io  0x03f6]
[    0.664010] pci 0000:00:01.1: legacy IDE quirk: reg 0x18: [io  0x0170-0x0177]
[    0.672025] pci 0000:00:01.1: legacy IDE quirk: reg 0x1c: [io  0x0376]
[    0.700177] pci 0000:00:07.0: quirk: [io  0x4000-0x403f] claimed by PIIX4 ACPI
[    0.708061] pci 0000:00:07.0: quirk: [io  0x4100-0x410f] claimed by PIIX4 SMB
[    0.724475] ACPI: PCI Interrupt Link [LNKA] (IRQs 5 9 10 *11)
[    0.732684] ACPI: PCI Interrupt Link [LNKB] (IRQs 5 9 *10 11)
[    0.736255] ACPI: PCI Interrupt Link [LNKC] (IRQs 5 *9 10 11)
[    0.744256] ACPI: PCI Interrupt Link [LNKD] (IRQs 5 9 10 *11)
[    0.748296] SCSI subsystem initialized
[    0.756064] pci 0000:00:02.0: vgaarb: setting as boot VGA device
[    0.760000] pci 0000:00:02.0: vgaarb: VGA device added: decodes=io+mem,owns=io+mem,locks=none
[    0.768027] pci 0000:00:02.0: vgaarb: bridge control possible
[    0.776032] vgaarb: loaded
[    0.780179] ACPI: bus type USB registered
[    0.784046] usbcore: registered new interface driver usbfs
[    0.788167] usbcore: registered new interface driver hub
[    0.796034] usbcore: registered new device driver usb
[    0.804146] EDAC MC: Ver: 3.0.0
[    0.808558] PCI: Using ACPI for IRQ routing
[    0.816989] NetLabel: Initializing
[    0.820006] NetLabel:  domain hash size = 128
[    0.828007] NetLabel:  protocols = UNLABELED CIPSOv4 CALIPSO
[    0.832042] NetLabel:  unlabeled traffic allowed by default
[    0.844692] clocksource: Switched to clocksource kvm-clock
[    0.874885] VFS: Disk quotas dquot_6.6.0
[    0.874885] VFS: Dquot-cache hash table entries: 512 (order 0, 4096 bytes)
[    0.874885] AppArmor: AppArmor Filesystem Enabled
[    0.874885] pnp: PnP ACPI init
[    0.874885] pnp: PnP ACPI: found 3 devices
[    0.984840] clocksource: acpi_pm: mask: 0xffffff max_cycles: 0xffffff, max_idle_ns: 2085701024 ns
[    0.988765] NET: Registered protocol family 2
[    0.988765] IP idents hash table entries: 65536 (order: 7, 524288 bytes)
[    0.988765] TCP established hash table entries: 32768 (order: 6, 262144 bytes)
[    1.016506] TCP bind hash table entries: 32768 (order: 7, 524288 bytes)
[    1.018863] TCP: Hash tables configured (established 32768 bind 32768)
[    1.018863] UDP hash table entries: 2048 (order: 4, 65536 bytes)
[    1.018863] UDP-Lite hash table entries: 2048 (order: 4, 65536 bytes)
[    1.018863] NET: Registered protocol family 1
[    1.018863] pci 0000:00:00.0: Limiting direct PCI/PCI transfers
[    1.018863] pci 0000:00:01.0: Activating ISA DMA hang workarounds
[    1.018863] pci 0000:00:02.0: Video device with shadowed ROM at [mem 0x000c0000-0x000dffff]
[    1.018863] Unpacking initramfs...
[    1.448693] Freeing initrd memory: 20388K
[    1.448693] PCI-DMA: Using software bounce buffering for IO (SWIOTLB)
[    1.448693] software IO TLB: mapped [mem 0xdbff0000-0xdfff0000] (64MB)
[    1.448693] clocksource: tsc: mask: 0xffffffffffffffff max_cycles: 0x29b9392badc, max_idle_ns: 440795202126 ns
[    1.448693] platform rtc_cmos: registered platform RTC device (no PNP device found)
[    1.448693] Scanning for low memory corruption every 60 seconds
[    1.662506] Initialise system trusted keyrings
[    1.666761] Key type blacklist registered
[    1.672608] workingset: timestamp_bits=36 max_order=20 bucket_order=0
[    1.682436] zbud: loaded
[    1.687699] squashfs: version 4.0 (2009/01/31) Phillip Lougher
[    1.696039] fuse init (API version 7.26)
[    1.760546] Key type asymmetric registered
[    1.765868] Asymmetric key parser 'x509' registered
[    1.771995] Block layer SCSI generic (bsg) driver version 0.4 loaded (major 246)
[    1.781851] io scheduler noop registered
[    1.786539] io scheduler deadline registered
[    1.791579] io scheduler cfq registered (default)
[    1.799598] ACPI: AC Adapter [AC] (on-line)
[    1.804213] input: Power Button as /devices/LNXSYSTM:00/LNXPWRBN:00/input/input0
[    1.812739] ACPI: Power Button [PWRF]
[    1.816980] input: Sleep Button as /devices/LNXSYSTM:00/LNXSLPBN:00/input/input1
[    1.828943] ACPI: Sleep Button [SLPF]
[    1.840186] Serial: 8250/16550 driver, 32 ports, IRQ sharing enabled
[    1.842011] ACPI: Battery Slot [BAT0] (battery present)
[    1.888999] 00:02: ttyS0 at I/O 0x3f8 (irq = 4, base_baud = 115200) is a 16550A
[    1.916709] Linux agpgart interface v0.103
[    1.942036] loop: module loaded
[    1.949706] scsi host0: ata_piix
[    1.955835] scsi host1: ata_piix
[    1.959389] ata1: PATA max UDMA/33 cmd 0x1f0 ctl 0x3f6 bmdma 0xd000 irq 14
[    1.966689] ata2: PATA max UDMA/33 cmd 0x170 ctl 0x376 bmdma 0xd008 irq 15
[    1.973669] tun: Universal TUN/TAP device driver, 1.6
[    1.979897] PPP generic driver version 2.4.2
[    1.987760] ehci_hcd: USB 2.0 'Enhanced' Host Controller (EHCI) Driver
[    1.995403] ehci-pci: EHCI PCI platform driver
[    2.000914] ehci-platform: EHCI generic platform driver
[    2.008573] ohci_hcd: USB 1.1 'Open' Host Controller (OHCI) Driver
[    2.014791] ohci-pci: OHCI PCI platform driver
[    2.019909] ohci-platform: OHCI generic platform driver
[    2.025931] uhci_hcd: USB Universal Host Controller Interface driver
[    2.032819] i8042: PNP: PS/2 Controller [PNP0303:PS2K,PNP0f03:PS2M] at 0x60,0x64 irq 1,12
[    2.044857] serio: i8042 KBD port at 0x60,0x64 irq 1
[    2.050433] serio: i8042 AUX port at 0x60,0x64 irq 12
[    2.057707] mousedev: PS/2 mouse device common for all mice
[    2.068497] rtc_cmos rtc_cmos: rtc core: registered rtc_cmos as rtc0
[    2.069067] input: AT Translated Set 2 keyboard as /devices/platform/i8042/serio0/input/input2
[    2.075992] rtc_cmos rtc_cmos: alarms up to one day, 114 bytes nvram
[    2.089760] i2c /dev entries driver
[    2.094489] device-mapper: uevent: version 1.0.3
[    2.100116] device-mapper: ioctl: 4.37.0-ioctl (2017-09-20) initialised: dm-devel@redhat.com
[    2.110148] ledtrig-cpu: registered to indicate activity on CPUs
[    2.121795] NET: Registered protocol family 10
[    2.147541] Segment Routing with IPv6
[    2.151604] NET: Registered protocol family 17
[    2.159346] Key type dns_resolver registered
[    2.194694] mce: Using 0 MCE banks
[    2.199187] RAS: Correctable Errors collector initialized.
[    2.205183] sched_clock: Marking stable (2205129405, 0)->(3573018729, -1367889324)
[    2.224799] registered taskstats version 1
[    2.229342] Loading compiled-in X.509 certificates
[    2.242748] Loaded X.509 cert 'Build time autogenerated kernel key: f114f3958ed3c37ba1924ca66ae8368f3c35b0e4'
[    2.253885] Loaded X.509 cert 'Canonical Ltd. Live Patch Signing: 14df34d1a87cf37625abec039ef2bf521249b969'
[    2.263471] Loaded X.509 cert 'Canonical Ltd. Kernel Module Signing: 88f752e560a1e0737e31163a466ad7b70a850c19'
[    2.272700] blacklist: Loading compiled-in revocation X.509 certificates
[    2.278962] Loaded X.509 cert 'Canonical Ltd. Secure Boot Signing: 61482aa2830d0ab2ad5af10b7250da9033ddcef0'
[    2.291369] zswap: loaded using pool lzo/zbud
[    2.314057] Key type big_key registered
[    2.320103] Key type trusted registered
[    2.330800] Key type encrypted registered
[    2.338908] AppArmor: AppArmor sha1 policy hashing enabled
[    2.346795] ima: No TPM chip found, activating TPM-bypass! (rc=-19)
[    2.353658] ima: Allocated hash algorithm: sha1
[    2.358614] evm: HMAC attrs: 0x1
[    2.362952]   Magic number: 15:914:242
[    2.367454] rtc_cmos rtc_cmos: setting system clock to 2023-03-10 19:14:09 UTC (1678475649)
[    2.381506] BIOS EDD facility v0.16 2004-Jun-25, 0 devices found
[    2.389527] EDD information not available.
[    2.398255] Freeing unused kernel image memory: 2472K
[    2.431430] Write protecting the kernel read-only data: 20480k
[    2.443396] Freeing unused kernel image memory: 2008K
[    2.450184] Freeing unused kernel image memory: 1824K
[    2.460842] x86/mm: Checked W+X mappings: passed, no W+X pages found.
Loading, please wait...
starting version 237
[    2.618860] e1000: Intel(R) PRO/1000 Network Driver - version 7.3.21-k8-NAPI
[    2.626413] e1000: Copyright (c) 1999-2006 Intel Corporation.
[    2.646834] Fusion MPT base driver 3.04.20
[    2.653266] Copyright (c) 1999-2008 LSI Corporation
[    2.733636] SSE version of gcm_enc/dec engaged.
[    2.749980] Fusion MPT SPI Host driver 3.04.20
[    2.934358] input: ImExPS/2 Generic Explorer Mouse as /devices/platform/i8042/serio1/input/input4
[    3.453096] e1000 0000:00:03.0 eth0: (PCI:33MHz:32-bit) 02:47:43:72:71:6b
[    3.460288] e1000 0000:00:03.0 eth0: Intel(R) PRO/1000 Network Connection
[    3.470603] e1000 0000:00:03.0 enp0s3: renamed from eth0
[    3.470955] mptbase: ioc0: Initiating bringup
[    3.612279] ioc0: LSI53C1030 A0: Capabilities={Initiator}
[    4.359223] scsi host2: ioc0: LSI53C1030 A0, FwRev=00000000h, Ports=1, MaxQ=256, IRQ=20
[    4.771679] scsi 2:0:0:0: Direct-Access     VBOX     HARDDISK         1.0  PQ: 0 ANSI: 5
[    4.820310] scsi target2:0:0: Beginning Domain Validation
[    4.834088] scsi target2:0:0: Domain Validation skipping write tests
[    4.840964] scsi target2:0:0: Ending Domain Validation
[    4.846832] scsi target2:0:0: asynchronous
[    4.853868] scsi 2:0:1:0: Direct-Access     VBOX     HARDDISK         1.0  PQ: 0 ANSI: 5
[    5.851103] scsi target2:0:1: Beginning Domain Validation
[    5.867322] scsi target2:0:1: Domain Validation skipping write tests
[    5.873398] scsi target2:0:1: Ending Domain Validation
[    5.878678] scsi target2:0:1: asynchronous
[    5.894215] sd 2:0:0:0: Attached scsi generic sg0 type 0
[    5.901012] sd 2:0:0:0: [sda] 83886080 512-byte logical blocks: (42.9 GB/40.0 GiB)
[    5.901651] sd 2:0:1:0: Attached scsi generic sg1 type 0
[    5.909591] sd 2:0:0:0: [sda] Write Protect is off
[    5.919308] sd 2:0:1:0: [sdb] 20480 512-byte logical blocks: (10.5 MB/10.0 MiB)
[    5.920318] sd 2:0:0:0: [sda] Incomplete mode parameter data
[    5.931937] sd 2:0:0:0: [sda] Assuming drive cache: write through
[    5.932301] sd 2:0:1:0: [sdb] Write Protect is off
[    5.953457] sd 2:0:1:0: [sdb] Incomplete mode parameter data
[    5.954324]  sda: sda1
[    5.959520] sd 2:0:1:0: [sdb] Assuming drive cache: write through
[    5.975231] sd 2:0:0:0: [sda] Attached SCSI disk
[    5.984615] sd 2:0:1:0: [sdb] Attached SCSI disk
Begin: Loading essential drivers ... [    8.257291] raid6: sse2x1   gen()  8309 MB/s
[    8.312170] raid6: sse2x1   xor()  7462 MB/s
[    8.366591] raid6: sse2x2   gen() 15516 MB/s
[    8.416109] raid6: sse2x2   xor() 10022 MB/s
[    8.468097] raid6: sse2x4   gen() 16263 MB/s
[    8.520395] raid6: sse2x4   xor()  7850 MB/s
[    8.525425] raid6: using algorithm sse2x4 gen() 16263 MB/s
[    8.532177] raid6: .... xor() 7850 MB/s, rmw enabled
[    8.537302] raid6: using ssse3x2 recovery algorithm
[    8.545891] xor: measuring software checksum speed
[    8.594126]    prefetch64-sse: 21645.000 MB/sec
[    8.640732]    generic_sse: 18566.000 MB/sec
[    8.645725] xor: using function: prefetch64-sse (21645.000 MB/sec)
[    8.658497] async_tx: api initialized (async)
done.
Begin: Running /scripts/init-premount ... done.
Begin: Mounting root file system ... Begin: Running /scripts/local-top ... done.
Begin: Running /scripts/local-premount ... [    8.753296] Btrfs loaded, crc32c=crc32c-intel
Scanning for Btrfs filesystems
done.
Begin: Will now check root file system ... fsck from util-linux 2.31.1
[/sbin/fsck.ext4 (1) -- /dev/sda1] fsck.ext4 -a -C0 /dev/sda1 
cloudimg-rootfs: clean, 151578/5120000 files, 2660878/10485499 blocks
done.
[    8.865636] EXT4-fs (sda1): mounted filesystem with ordered data mode. Opts: (null)
done.
Begin: Running /scripts/local-bottom ... done.
Begin: Running /scripts/init-bottom ... done.
[    9.182608] ip_tables: (C) 2000-2006 Netfilter Core Team
[    9.208313] systemd[1]: systemd 237 running in system mode. (+PAM +AUDIT +SELINUX +IMA +APPARMOR +SMACK +SYSVINIT +UTMP +LIBCRYPTSETUP +GCRYPT +GNUTLS +ACL +XZ +LZ4 +SECCOMP +BLKID +ELFUTILS +KMOD -IDN2 +IDN -PCRE2 default-hierarchy=hybrid)
[    9.226327] systemd[1]: Detected virtualization oracle.
[    9.232198] systemd[1]: Detected architecture x86-64.

Welcome to [1mUbuntu 18.04.6 LTS[0m!

[    9.415678] systemd[1]: Set hostname to <ubuntu-bionic>.
[   10.047833] systemd[1]: Reached target Mounting snaps.
[[0;32m  OK  [0m] Reached target Mounting snaps.
[   10.055632] systemd[1]: Reached target Mounted snaps.
[[0;32m  OK  [0m] Reached target Mounted snaps.
[   10.098901] systemd[1]: Created slice System Slice.
[[0;32m  OK  [0m] Created slice System Slice.
[   10.108542] systemd[1]: Listening on udev Kernel Socket.
[[0;32m  OK  [0m] Listening on udev Kernel Socket.
[   10.117792] systemd[1]: Listening on Journal Socket.
[[0;32m  OK  [0m] Listening on Journal Socket.
[   10.130102] systemd[1]: Mounting Huge Pages File System...
         Mounting Huge Pages File System...
         Starting Load Kernel Modules...
         Mounting Kernel Debug File System...
[[0;32m  OK  [0m] Listening on LVM2 metadata daemon socket.
[[0;32m  OK  [0m] Reached target Swap.
[[0;32m  OK  [0m] Listening on Syslog Socket.[   10.164321] Loading iSCSI transport class v2.0-870.

[[0;32m  OK  [0m] Set up automount Arbitrary Executab…rmats File System Automount Point.
         Starting Create list of required st…ce nodes for the current kernel...
[   10.192362] iscsi: registered transport (tcp)
         Starting Set the console keyboard layout...
[[0;32m  OK  [0m] Listening on udev Control Socket.
[[0;32m  OK  [0m] Listening on fsck to fsckd communication Socket.
         Starting Remount Root and Kernel File Systems...
[[0;32m  OK  [0m] Listening on Network Service Netlink Socket.
[[0;32m  OK  [0m] Created slice User and Session Slice.
[[0;32m  OK  [0m] Reached target User and Group Name Lookups.
[[0;32m  OK  [0m] Listening on Journal Socket (/dev/log).
[   10.256692] EXT4-fs (sda1): re-mounted. Opts: (null)
[[0;32m  OK  [0m] Listening on /dev/initctl Compatibility Named Pipe.
[[0;32m  OK  [0m] Listening on Device-mapper event daemon FIFOs.
         Starting Monitoring of LVM2 mirrors…ng dmeventd or progress polling...
[[0;32m  OK  [0m] Created slice system-serial\x2dgetty.slice.
[[0;32m  OK  [0m] Reached target System Time Synchronized.
[[0;32m  OK  [0m] Listening on LVM2 poll daemon socket.
[[0;32m  OK  [0m] Listening on Journal Audit Socket.
         Starting Journal Service...
         Starting udev Coldplug all Devices...
[[0;32m  OK  [0m] Reached target Slices.
         Mounting POSIX Message Queue File System...
         Starting Uncomplicated firewall...
[   10.385806] iscsi: registered transport (iser)
[[0;32m  OK  [0m] Started Forward Password Requests to Wall Directory Watch.
[[0;32m  OK  [0m] Mounted Huge Pages File System.
[[0;32m  OK  [0m] Started Load Kernel Modules.
[[0;32m  OK  [0m] Mounted Kernel Debug File System.
[[0;32m  OK  [0m] Started Create list of required sta…vice nodes for the current kernel.
[[0;32m  OK  [0m] Started Journal Service.
[[0;32m  OK  [0m] Started Remount Root and Kernel File Systems.
[[0;32m  OK  [0m] Mounted POSIX Message Queue File System.
[[0;32m  OK  [0m] Started Uncomplicated firewall.
[[0;32m  OK  [0m] Started LVM2 metadata daemon.
         Starting Load/Save Random Seed...
         Starting Flush Journal to Persistent Storage...
         Starting Create Static Device Nodes in /dev...
         Mounting Kernel Configuration File System...
         Starting Apply Kernel Variables...
         Mounting FUSE Control File System...
[[0;32m  OK  [0m] Started Set the console keyboard layout.
[[0;32m  OK  [0m] Started udev Coldplug all Devices.
[[0;32m  OK  [0m] Started Load/Save Random Seed.
[[0;32m  OK  [0m] Mounted Kernel Configuration File System.
[[0;32m  OK  [0m] Mounted FUSE Control File System.
[   10.527727] systemd-journald[449]: Received request to flush runtime journal from PID 1
[[0;32m  OK  [0m] Started Create Static Device Nodes in /dev.
         Starting udev Kernel Device Manager...
[[0;32m  OK  [0m] Started Monitoring of LVM2 mirrors,…sing dmeventd or progress polling.
[[0;32m  OK  [0m] Reached target Local File Systems (Pre).
[[0;32m  OK  [0m] Reached target Local File Systems.
         Starting Enable support for additional executable binary formats...
         Starting AppArmor initialization...
         Starting Tell Plymouth To Write Out Runtime Data...
         Starting Set console font and keymap...
         Starting ebtables ruleset management...
[[0;32m  OK  [0m] Started Apply Kernel Variables.
         Mounting Arbitrary Executable File Formats File System...
[[0;32m  OK  [0m] Started Tell Plymouth To Write Out Runtime Data.
[[0;32m  OK  [0m] Mounted Arbitrary Executable File Formats File System.
[[0;32m  OK  [0m] Started Enable support for additional executable binary formats.
[[0;32m  OK  [0m] Started udev Kernel Device Manager.
[[0;32m  OK  [0m] Started Dispatch Password Requests to Console Directory Watch.
[[0;32m  OK  [0m] Reached target Local Encrypted Volumes.
[[0;32m  OK  [0m] Started Flush Journal to Persistent Storage.
         Starting Create Volatile Files and Directories...
[[0;32m  OK  [0m] Started ebtables ruleset management.
[[0;32m  OK  [0m] Started Create Volatile Files and Directories.
         Starting Update UTMP about System Boot/Shutdown...
[[0;32m  OK  [0m] Started Update UTMP about System Boot/Shutdown.
[[0;32m  OK  [0m] Found device /dev/ttyS0.
[[0;32m  OK  [0m] Listening on Load/Save RF Kill Switch Status /dev/rfkill Watch.
[[0;1;31mFAILED[0m] Failed to start Set console font and keymap.
See 'systemctl status console-setup.service' for details.
[[0;32m  OK  [0m] Started AppArmor initialization.
         Starting Initial cloud-init job (pre-networking)...
         Starting Load AppArmor profiles managed internally by snapd...
[[0;32m  OK  [0m] Started Load AppArmor profiles managed internally by snapd.
[   14.628743] cloud-init[623]: Cloud-init v. 22.4.2-0ubuntu0~18.04.1 running 'init-local' at Fri, 10 Mar 2023 19:14:21 +0000. Up 14.41 seconds.
[[0;32m  OK  [0m] Started Initial cloud-init job (pre-networking).
[[0;32m  OK  [0m] Reached target Network (Pre).
         Starting Network Service...
[[0;32m  OK  [0m] Started Network Service.
         Starting Wait for Network to be Configured...
         Starting Network Name Resolution...
[[0;32m  OK  [0m] Started Network Name Resolution.
[[0;32m  OK  [0m] Reached target Host and Network Name Lookups.
[[0;32m  OK  [0m] Started Wait for Network to be Configured.
         Starting Initial cloud-init job (metadata service crawler)...
[   16.796397] cloud-init[775]: Cloud-init v. 22.4.2-0ubuntu0~18.04.1 running 'init' at Fri, 10 Mar 2023 19:14:23 +0000. Up 16.66 seconds.
[   16.806941] cloud-init[775]: ci-info: ++++++++++++++++++++++++++++++++++++++Net device info++++++++++++++++++++++++++++++++++++++
[   16.814591] cloud-init[775]: ci-info: +--------+------+----------------------------+---------------+--------+-------------------+
[   16.822390] cloud-init[775]: ci-info: | Device |  Up  |          Address           |      Mask     | Scope  |     Hw-Address    |
[   16.829176] cloud-init[775]: ci-info: +--------+------+----------------------------+---------------+--------+-------------------+
[   16.835863] cloud-init[775]: ci-info: | enp0s3 | True |         10.0.2.15          | 255.255.255.0 | global | 02:47:43:72:71:6b |
[   16.843337] cloud-init[775]: ci-info: | enp0s3 | True | fe80::47:43ff:fe72:716b/64 |       .       |  link  | 02:47:43:72:71:6b |
[   16.851874] cloud-init[775]: ci-info: |   lo   | True |         127.0.0.1          |   255.0.0.0   |  host  |         .         |
[   16.858145] cloud-init[775]: ci-info: |   lo   | True |          ::1/128           |       .       |  host  |         .         |
[   16.865932] cloud-init[775]: ci-info: +--------+------+----------------------------+---------------+--------+-------------------+
[   16.873852] cloud-init[775]: ci-info: ++++++++++++++++++++++++++++Route IPv4 info+++++++++++++++++++++++++++++
[   16.882416] cloud-init[775]: ci-info: +-------+-------------+----------+-----------------+-----------+-------+
[   16.891311] cloud-init[775]: ci-info: | Route | Destination | Gateway  |     Genmask     | Interface | Flags |
[   16.898719] cloud-init[775]: ci-info: +-------+-------------+----------+-----------------+-----------+-------+
[   16.906035] cloud-init[775]: ci-info: |   0   |   0.0.0.0   | 10.0.2.2 |     0.0.0.0     |   enp0s3  |   UG  |
[   16.911965] cloud-init[775]: ci-info: |   1   |   10.0.2.0  | 0.0.0.0  |  255.255.255.0  |   enp0s3  |   U   |
[   16.918036] cloud-init[775]: ci-info: |   2   |   10.0.2.2  | 0.0.0.0  | 255.255.255.255 |   enp0s3  |   UH  |
[   16.924538] cloud-init[775]: ci-info: +-------+-------------+----------+-----------------+-----------+-------+
[   16.934066] cloud-init[775]: ci-info: +++++++++++++++++++Route IPv6 info+++++++++++++++++++
[   16.940352] cloud-init[775]: ci-info: +-------+-------------+---------+-----------+-------+
[   16.948824] cloud-init[775]: ci-info: | Route | Destination | Gateway | Interface | Flags |
[   16.954510] cloud-init[775]: ci-info: +-------+-------------+---------+-----------+-------+
[   16.962346] cloud-init[775]: ci-info: |   1   |  fe80::/64  |    ::   |   enp0s3  |   U   |
[   16.968403] cloud-init[775]: ci-info: |   3   |    local    |    ::   |   enp0s3  |   U   |
[   16.976284] cloud-init[775]: ci-info: |   4   |   ff00::/8  |    ::   |   enp0s3  |   U   |
[   16.983177] cloud-init[775]: ci-info: +-------+-------------+---------+-----------+-------+
[[0;32m  OK  [0m] Started Initial cloud-init job (metadata service crawler).
[[0;32m  OK  [0m] Reached target System Initialization.
[[0;32m  OK  [0m] Listening on ACPID Listen Socket.
[[0;32m  OK  [0m] Started Ubuntu Advantage Timer for running repeated jobs.
[[0;32m  OK  [0m] Listening on Open-iSCSI iscsid Socket.
[[0;32m  OK  [0m] Started Discard unused blocks once a week.
[[0;32m  OK  [0m] Started Clean PHP session files every 30 mins.
         Starting Docker Socket for the API.
[[0;32m  OK  [0m] Listening on D-Bus System Message Bus Socket.
[[0;32m  OK  [0m] Started Message of the Day.
[[0;32m  OK  [0m] Started ACPI Events Check.
[[0;32m  OK  [0m] Reached target Paths.
[[0;32m  OK  [0m] Listening on cloud-init hotplug hook socket.
[[0;32m  OK  [0m] Listening on UUID daemon activation socket.
[[0;32m  OK  [0m] Started Daily Cleanup of Temporary Directories.
         Starting Socket activation for snappy daemon.
[[0;32m  OK  [0m] Started Daily apt download activities.
[[0;32m  OK  [0m] Started Daily apt upgrade and clean activities.
[[0;32m  OK  [0m] Reached target Timers.
[[0;32m  OK  [0m] Listening on Avahi mDNS/DNS-SD Stack Activation Socket.
         Starting LXD - unix socket.
[[0;32m  OK  [0m] Reached target Cloud-config availability.
[[0;32m  OK  [0m] Listening on Docker Socket for the API.
[[0;32m  OK  [0m] Listening on Socket activation for snappy daemon.
[[0;32m  OK  [0m] Listening on LXD - unix socket.
[[0;32m  OK  [0m] Reached target Sockets.
[[0;32m  OK  [0m] Reached target Basic System.
         Starting Modem Manager...
         Starting Login Service...
         Starting Disk Manager...
         Starting LSB: Record successful boot for GRUB...
[[0;32m  OK  [0m] Started D-Bus System Message Bus.
[[0;32m  OK  [0m] Started Regular background program processing daemon.
[[0;32m  OK  [0m] Started Deferred execution scheduler.
         Starting LXD - container startup/shutdown...
[[0;32m  OK  [0m] Started irqbalance daemon.
[[0;32m  OK  [0m] Reached target Login Prompts (Pre).
         Starting Dispatcher daemon for systemd-networkd...
         Starting Accounts Service...
         Starting WPA supplicant...
         Starting System Logging Service...
         Starting Snap Daemon...
[[0;32m  OK  [0m] Started FUSE filesystem for LXC.
         Starting Avahi mDNS/DNS-SD Stack...
         Starting Virtualbox guest utils...
[[0;32m  OK  [0m] Started System Logging Service.
[[0;32m  OK  [0m] Started Login Service.
[[0;32m  OK  [0m] Started LXD - container startup/shutdown.
[[0;32m  OK  [0m] Started WPA supplicant.
[[0;32m  OK  [0m] Started Avahi mDNS/DNS-SD Stack.
[[0;32m  OK  [0m] Reached target Network.
[[0;32m  OK  [0m] Reached target Network is Online.
         Starting OpenBSD Secure Shell server...
         Starting Availability of block devices...
[[0;32m  OK  [0m] Reached target Remote File Systems (Pre).
         Starting containerd container runtime...
         Mounting /vagrant...
[[0;32m  OK  [0m] Started memcached daemon.
         Starting MySQL Community Server...
         Starting Authorization Manager...
[[0;32m  OK  [0m] Started Unattended Upgrades Shutdown.
[[0;32m  OK  [0m] Started LSB: Record successful boot for GRUB.
[[0;32m  OK  [0m] Started Availability of block devices.
[[0;32m  OK  [0m] Started OpenBSD Secure Shell server.
[[0;32m  OK  [0m] Mounted /vagrant.
[[0;32m  OK  [0m] Reached target Remote File Systems.
         Starting The Apache HTTP Server...
         Starting LSB: automatic crash report generation...
         Starting Permit User Sessions...
[[0;32m  OK  [0m] Started Dispatcher daemon for systemd-networkd.
[[0;32m  OK  [0m] Started Virtualbox guest utils.
[[0;32m  OK  [0m] Started Permit User Sessions.
         Starting Light Display Manager...
         Starting Hold until boot process finishes up...
[[0;32m  OK  [0m] Started Hold until boot process finishes up.
[[0;32m  OK  [0m] Started Authorization Manager.
[[0;32m  OK  [0m] Started Accounts Service.
[[0;32m  OK  [0m] Started Serial Getty on ttyS0.
         Starting Set console scheme...
[[0;32m  OK  [0m] Started Set console scheme.
[[0;32m  OK  [0m] Created slice system-getty.slice.
[[0;32m  OK  [0m] Started Getty on tty1.
[[0;32m  OK  [0m] Reached target Login Prompts.
[[0;32m  OK  [0m] Started Disk Manager.
[[0;32m  OK  [0m] Started LSB: automatic crash report generation.
[[0;32m  OK  [0m] Started Modem Manager.
[[0;32m  OK  [0m] Created slice User Slice of vagrant.
[[0;32m  OK  [0m] Started Light Display Manager.
         Starting User Manager for UID 1000...
[[0;32m  OK  [0m] Started Session 1 of user vagrant.
[[0;32m  OK  [0m] Started The Apache HTTP Server.
[[0;32m  OK  [0m] Started User Manager for UID 1000.
[[0;32m  OK  [0m] Started Snap Daemon.
         Starting Wait until snapd is fully seeded...
         Starting Time & Date Service...
[[0;32m  OK  [0m] Started Time & Date Service.
[[0;32m  OK  [0m] Started Wait until snapd is fully seeded.
         Starting Apply the settings specified in cloud-config...
[[0;32m  OK  [0m] Started containerd container runtime.
         Starting Docker Application Container Engine...
[   24.682477] cloud-init[1467]: Cloud-init v. 22.4.2-0ubuntu0~18.04.1 running 'modules:config' at Fri, 10 Mar 2023 19:14:31 +0000. Up 24.36 seconds.

Ubuntu 18.04.6 LTS ubuntu-bionic ttyS0

ubuntu-bionic login: [   30.845040] cloud-init[2012]: Cloud-init v. 22.4.2-0ubuntu0~18.04.1 running 'modules:final' at Fri, 10 Mar 2023 19:14:37 +0000. Up 30.60 seconds.
[   30.857444] cloud-init[2012]: Cloud-init v. 22.4.2-0ubuntu0~18.04.1 finished at Fri, 10 Mar 2023 19:14:37 +0000. Datasource DataSourceNoCloud [seed=/dev/sdb][dsmode=net].  Up 30.82 seconds
